TN:
SF:/Users/starq1/codingz/rustProjz/coincube/coincube-core/src/border_wallet/error.rs
FN:28,<impl Display for BorderWalletError>::fmt
FNF:1
FNDA:0,<impl Display for BorderWalletError>::fmt
DA:28,0
DA:29,0
DA:31,0
DA:32,0
DA:36,0
DA:37,0
DA:39,0
DA:40,0
DA:42,0
DA:43,0
DA:45,0
DA:46,0
DA:48,0
DA:49,0
DA:51,0
DA:52,0
DA:53,0
DA:58,0
DA:59,0
LF:19
LH:0
end_of_record
TN:
SF:/Users/starq1/codingz/rustProjz/coincube/coincube-core/src/border_wallet/grid.rs
FN:50,WordGrid::from_recovery_phrase
FN:84,WordGrid::word_index_at
FN:94,WordGrid::word_at
FN:107,WordGrid::prefix_at
FN:117,WordGrid::from_indices
FN:124,WordGrid::cells
FN:133,deterministic_index
FNF:7
FNDA:28,WordGrid::from_recovery_phrase
FNDA:8405,WordGrid::word_index_at
FNDA:6159,WordGrid::word_at
FNDA:2049,WordGrid::prefix_at
FNDA:30,WordGrid::from_indices
FNDA:11,WordGrid::cells
FNDA:57316,deterministic_index
DA:50,28
DA:52,112
DA:53,28
DA:54,28
DA:55,0
DA:59,84
DA:62,28
DA:63,84
DA:64,84
DA:65,56
DA:67,84
DA:70,112
DA:73,114688
DA:74,286580
DA:75,171948
DA:78,28
DA:84,8405
DA:85,16809
DA:86,2
DA:88,16806
DA:94,6159
DA:95,12316
DA:96,18477
DA:97,12318
DA:98,6159
DA:99,6159
DA:101,12314
DA:107,2049
DA:108,10245
DA:109,12294
DA:110,2049
DA:117,30
DA:118,90
DA:124,11
DA:125,11
DA:133,57316
DA:134,171948
DA:135,171948
DA:136,171948
DA:137,171948
DA:138,171948
DA:139,401212
DA:141,57316
LF:43
LH:42
end_of_record
TN:
SF:/Users/starq1/codingz/rustProjz/coincube/coincube-core/src/border_wallet/mod.rs
FN:58,GridRecoveryPhrase::from_phrase
FN:70,GridRecoveryPhrase::generate
FN:81,GridRecoveryPhrase::as_str
FN:88,GridRecoveryPhrase::generate_grid
FN:113,derive_enrollment
FN:162,sign_psbt_with_border_wallet
FN:193,default_derivation_path
FNF:7
FNDA:8,GridRecoveryPhrase::from_phrase
FNDA:1,GridRecoveryPhrase::generate
FNDA:3,GridRecoveryPhrase::as_str
FNDA:5,GridRecoveryPhrase::generate_grid
FNDA:12,derive_enrollment
FNDA:0,sign_psbt_with_border_wallet
FNDA:16,default_derivation_path
DA:58,8
DA:59,31
DA:60,9
DA:61,7
DA:62,1
DA:64,6
DA:65,12
DA:70,1
DA:71,3
DA:72,3
DA:73,3
DA:74,1
DA:75,1
DA:76,2
DA:81,3
DA:82,3
DA:88,5
DA:89,10
DA:113,12
DA:118,36
DA:121,48
DA:130,24
DA:131,48
DA:132,12
DA:133,48
DA:135,12
DA:136,12
DA:137,36
DA:138,12
DA:140,12
DA:145,12
DA:146,24
DA:147,24
DA:148,12
DA:149,12
DA:162,0
DA:168,0
DA:170,0
DA:171,0
DA:173,0
DA:174,0
DA:175,0
DA:176,0
DA:177,0
DA:181,0
DA:182,0
DA:183,0
DA:185,0
DA:193,16
DA:194,32
DA:195,1
DA:196,15
DA:198,48
DA:199,48
LF:54
LH:41
end_of_record
TN:
SF:/Users/starq1/codingz/rustProjz/coincube/coincube-core/src/border_wallet/pattern.rs
FN:22,CellRef::new
FN:27,CellRef::is_in_bounds
FN:42,OrderedPattern::new
FN:49,OrderedPattern::len
FN:54,OrderedPattern::is_empty
FN:59,OrderedPattern::is_complete
FN:64,OrderedPattern::cells
FN:74,OrderedPattern::add
FN:99,OrderedPattern::remove_at
FN:108,OrderedPattern::undo_last
FN:113,OrderedPattern::clear
FN:120,OrderedPattern::validate
FN:148,<impl Default for OrderedPattern>::default
FN:160,build_mnemonic
FN:223,write_bits
FNF:15
FNDA:251,CellRef::new
FNDA:455,CellRef::is_in_bounds
FNDA:28,OrderedPattern::new
FNDA:3,OrderedPattern::len
FNDA:2,OrderedPattern::is_empty
FNDA:2,OrderedPattern::is_complete
FNDA:20,OrderedPattern::cells
FNDA:243,OrderedPattern::add
FNDA:1,OrderedPattern::remove_at
FNDA:1,OrderedPattern::undo_last
FNDA:1,OrderedPattern::clear
FNDA:21,OrderedPattern::validate
FNDA:0,<impl Default for OrderedPattern>::default
FNDA:19,build_mnemonic
FNDA:200,write_bits
DA:22,251
DA:27,455
DA:28,908
DA:42,28
DA:44,28
DA:49,3
DA:50,6
DA:54,2
DA:55,4
DA:59,2
DA:60,2
DA:64,20
DA:65,20
DA:74,243
DA:75,243
DA:76,1
DA:77,1
DA:80,242
DA:81,2
DA:82,2
DA:83,2
DA:86,480
DA:87,1
DA:88,1
DA:89,1
DA:92,717
DA:93,239
DA:99,1
DA:100,2
DA:101,2
DA:103,0
DA:108,1
DA:109,2
DA:113,1
DA:114,2
DA:120,21
DA:121,21
DA:122,2
DA:124,437
DA:125,209
DA:126,0
DA:127,0
DA:128,0
DA:133,456
DA:134,1254
DA:135,1045
DA:136,0
DA:137,0
DA:138,0
DA:143,19
DA:148,0
DA:149,0
DA:160,19
DA:164,39
DA:167,36
DA:168,450
DA:169,396
DA:170,594
DA:171,396
DA:172,198
DA:173,198
DA:180,36
DA:181,36
DA:182,612
DA:183,792
DA:184,198
DA:189,54
DA:190,54
DA:191,36
DA:195,36
DA:198,54
DA:199,18
DA:202,90
DA:203,18
DA:204,0
DA:205,0
DA:206,0
DA:210,54
DA:211,36
DA:212,18
DA:213,0
DA:214,0
DA:215,0
DA:219,18
DA:223,200
DA:224,2400
DA:225,6600
DA:226,4400
DA:227,4400
DA:228,3425
DA:229,1225
LF:91
LH:76
end_of_record
TN:
SF:/Users/starq1/codingz/rustProjz/coincube/coincube-core/src/descriptors/analysis.rs
FN:39,<impl Display for CoincubePolicyError>::fmt
FN:73,is_single_key_or_multisig
FN:89,DescKeyChecker::new
FN:102,DescKeyChecker::check
FN:140,csv_check
FN:150,key_origins
FN:184,PathInfo::from_primary_path
FN:208,PathInfo::from_recovery_path
FN:264,PathInfo::with_added_key
FN:279,PathInfo::thresh_origins
FN:310,PathInfo::spend_info
FN:354,PathInfo::into_ms_policy
FN:372,PathInfo::contains_fingerprint
FN:383,bip341_nums
FN:391,get_multi_xkey
FN:411,unspendable_internal_xpub
FN:445,unspendable_internal_key
FN:483,CoincubePolicy::_new
FN:550,CoincubePolicy::new
FN:563,CoincubePolicy::new_legacy
FN:577,CoincubePolicy::from_multipath_descriptor
FN:679,CoincubePolicy::primary_path
FN:685,CoincubePolicy::recovery_paths
FN:690,CoincubePolicy::into_policy
FN:719,CoincubePolicy::compile_multipath_descriptor_fallible
FN:784,CoincubePolicy::compile_multipath_descriptor
FN:793,CoincubePolicy::into_multipath_descriptor
FN:824,PartialSpendInfo::primary_path
FN:830,PartialSpendInfo::recovery_paths
FNF:29
FNDA:0,<impl Display for CoincubePolicyError>::fmt
FNDA:476,is_single_key_or_multisig
FNDA:191,DescKeyChecker::new
FNDA:1010,DescKeyChecker::check
FNDA:178,csv_check
FNDA:268,key_origins
FNDA:295,PathInfo::from_primary_path
FNDA:178,PathInfo::from_recovery_path
FNDA:2,PathInfo::with_added_key
FNDA:121,PathInfo::thresh_origins
FNDA:80,PathInfo::spend_info
FNDA:104,PathInfo::into_ms_policy
FNDA:20,PathInfo::contains_fingerprint
FNDA:82,bip341_nums
FNDA:394,get_multi_xkey
FNDA:54,unspendable_internal_xpub
FNDA:12,unspendable_internal_key
FNDA:187,CoincubePolicy::_new
FNDA:24,CoincubePolicy::new
FNDA:30,CoincubePolicy::new_legacy
FNDA:134,CoincubePolicy::from_multipath_descriptor
FNDA:0,CoincubePolicy::primary_path
FNDA:0,CoincubePolicy::recovery_paths
FNDA:48,CoincubePolicy::into_policy
FNDA:48,CoincubePolicy::compile_multipath_descriptor_fallible
FNDA:15,CoincubePolicy::compile_multipath_descriptor
FNDA:0,CoincubePolicy::into_multipath_descriptor
FNDA:0,PartialSpendInfo::primary_path
FNDA:0,PartialSpendInfo::recovery_paths
DA:39,0
DA:40,0
DA:41,0
DA:42,0
DA:43,0
DA:45,0
DA:46,0
DA:47,0
DA:52,0
DA:53,0
DA:54,0
DA:55,0
DA:57,0
DA:58,0
DA:60,0
DA:61,0
DA:64,0
DA:65,0
DA:73,476
DA:74,476
DA:75,155
DA:76,642
DA:79,1080
DA:80,0
DA:89,191
DA:91,191
DA:102,1010
DA:106,2017
DA:107,3021
DA:109,3021
DA:110,10
DA:112,3006
DA:118,2002
DA:119,3000
DA:121,2000
DA:122,996
DA:123,6472
DA:124,1000
DA:125,991
DA:129,28
DA:140,178
DA:141,178
DA:142,534
DA:144,0
DA:150,268
DA:153,268
DA:154,268
DA:155,1072
DA:156,1072
DA:157,1608
DA:158,1608
DA:159,1072
DA:160,1072
DA:161,2144
DA:162,536
DA:163,536
DA:166,268
DA:169,0
DA:184,295
DA:187,142
DA:188,306
DA:189,994
DA:190,426
DA:191,426
DA:194,623
DA:195,962
DA:196,0
DA:199,284
DA:201,0
DA:208,178
DA:215,534
DA:216,712
DA:217,0
DA:219,339
DA:222,322
DA:224,483
DA:225,483
DA:226,161
DA:228,322
DA:229,322
DA:231,483
DA:232,322
DA:233,966
DA:234,51
DA:237,34
DA:238,68
DA:239,127
DA:240,55
DA:241,190
DA:242,17
DA:243,34
DA:244,0
DA:246,51
DA:248,0
DA:251,34
DA:253,51
DA:254,17
DA:259,0
DA:264,2
DA:265,2
DA:266,6
DA:267,0
DA:268,0
DA:269,0
DA:279,121
DA:285,121
DA:286,60
DA:287,120
DA:288,300
DA:289,240
DA:290,60
DA:292,122
DA:293,305
DA:294,477
DA:295,416
DA:296,624
DA:297,416
DA:298,0
DA:300,624
DA:303,61
DA:310,80
DA:314,160
DA:315,160
DA:316,240
DA:319,326
DA:322,164
DA:323,0
DA:328,199
DA:331,175
DA:332,105
DA:336,34
DA:337,68
DA:338,0
DA:340,68
DA:354,104
DA:357,104
DA:358,92
DA:359,116
DA:360,58
DA:361,58
DA:362,116
DA:363,730
DA:364,58
DA:366,70
DA:372,20
DA:373,60
DA:383,82
DA:391,394
DA:393,394
DA:395,394
DA:397,394
DA:399,0
DA:411,54
DA:414,162
DA:417,378
DA:418,162
DA:422,54
DA:423,54
DA:425,270
DA:426,406
DA:427,894
DA:428,894
DA:429,298
DA:431,216
DA:434,108
DA:435,54
DA:436,108
DA:437,108
DA:438,54
DA:439,162
DA:440,54
DA:441,54
DA:445,12
DA:450,12
DA:451,24
DA:452,24
DA:453,24
DA:454,24
DA:456,24
DA:457,12
DA:483,187
DA:489,374
DA:490,1
DA:500,558
DA:501,1
DA:508,370
DA:510,555
DA:511,370
DA:512,977
DA:513,406
DA:514,199
DA:515,609
DA:517,207
DA:523,828
DA:524,1809
DA:525,3220
DA:526,2409
DA:527,6
DA:528,12
DA:531,2391
DA:543,165
DA:544,106
DA:546,158
DA:550,24
DA:555,24
DA:556,24
DA:563,30
DA:568,30
DA:569,30
DA:577,134
DA:582,268
DA:583,92
DA:584,184
DA:585,184
DA:586,0
DA:588,276
DA:590,42
DA:593,84
DA:594,168
DA:595,126
DA:596,84
DA:597,126
DA:598,84
DA:599,42
DA:600,21
DA:602,42
DA:603,63
DA:604,21
DA:609,0
DA:613,0
DA:616,360
DA:621,268
DA:622,804
DA:623,268
DA:625,0
DA:630,402
DA:631,763
DA:636,315
DA:637,1260
DA:640,630
DA:645,140
DA:646,7
DA:647,8
DA:649,1
DA:652,402
DA:657,712
DA:658,534
DA:659,0
DA:661,712
DA:667,532
DA:672,133
DA:673,133
DA:674,133
DA:679,0
DA:680,0
DA:685,0
DA:686,0
DA:687,0
DA:690,48
DA:695,48
DA:696,48
DA:698,48
DA:701,144
DA:704,96
DA:705,48
DA:707,152
DA:708,112
DA:709,168
DA:710,250
DA:712,100
DA:713,100
DA:714,50
DA:719,48
DA:722,48
DA:731,27
DA:732,27
DA:733,54
DA:734,54
DA:735,81
DA:736,108
DA:737,54
DA:738,108
DA:739,81
DA:740,54
DA:742,54
DA:743,27
DA:745,81
DA:746,48
DA:748,48
DA:749,24
DA:755,24
DA:758,33
DA:760,11
DA:761,22
DA:762,11
DA:766,13
DA:769,38
DA:772,21
DA:773,68
DA:774,17
DA:775,51
DA:784,15
DA:787,30
DA:793,0
DA:796,0
DA:824,0
DA:825,0
DA:830,0
DA:831,0
LF:309
LH:259
end_of_record
TN:
SF:/Users/starq1/codingz/rustProjz/coincube/coincube-core/src/descriptors/keys.rs
FN:17,<impl Display for DescKeyError>::fmt
FN:37,<impl Display for DerivedPublicKey>::fmt
FN:54,<impl FromStr for DerivedPublicKey>::from_str
FN:106,<impl MiniscriptKey for DerivedPublicKey>::is_uncompressed
FN:110,<impl MiniscriptKey for DerivedPublicKey>::is_x_only_key
FN:114,<impl MiniscriptKey for DerivedPublicKey>::num_der_paths
FN:120,<impl ToPublicKey for DerivedPublicKey>::to_public_key
FN:124,<impl ToPublicKey for DerivedPublicKey>::to_sha256
FN:128,<impl ToPublicKey for DerivedPublicKey>::to_hash256
FN:132,<impl ToPublicKey for DerivedPublicKey>::to_ripemd160
FN:136,<impl ToPublicKey for DerivedPublicKey>::to_hash160
FNF:11
FNDA:0,<impl Display for DescKeyError>::fmt
FNDA:25,<impl Display for DerivedPublicKey>::fmt
FNDA:1,<impl FromStr for DerivedPublicKey>::from_str
FNDA:74,<impl MiniscriptKey for DerivedPublicKey>::is_uncompressed
FNDA:32,<impl MiniscriptKey for DerivedPublicKey>::is_x_only_key
FNDA:0,<impl MiniscriptKey for DerivedPublicKey>::num_der_paths
FNDA:110,<impl ToPublicKey for DerivedPublicKey>::to_public_key
FNDA:0,<impl ToPublicKey for DerivedPublicKey>::to_sha256
FNDA:0,<impl ToPublicKey for DerivedPublicKey>::to_hash256
FNDA:0,<impl ToPublicKey for DerivedPublicKey>::to_ripemd160
FNDA:0,<impl ToPublicKey for DerivedPublicKey>::to_hash160
DA:17,0
DA:18,0
DA:19,0
DA:37,25
DA:38,75
DA:40,75
DA:41,150
DA:42,300
DA:44,297
DA:45,408
DA:47,75
DA:54,1
DA:59,1
DA:60,0
DA:63,1
DA:64,0
DA:67,3
DA:70,5
DA:71,1
DA:72,0
DA:75,3
DA:76,1
DA:79,2
DA:81,1
DA:83,1
DA:84,2
DA:85,0
DA:89,5
DA:90,1
DA:91,3
DA:93,1
DA:94,2
DA:95,1
DA:106,74
DA:107,148
DA:110,32
DA:111,32
DA:114,0
DA:115,0
DA:120,110
DA:121,110
DA:124,0
DA:125,0
DA:128,0
DA:129,0
DA:132,0
DA:133,0
DA:136,0
DA:137,0
LF:49
LH:32
end_of_record
TN:
SF:/Users/starq1/codingz/rustProjz/coincube/coincube-core/src/descriptors/mod.rs
FN:43,<impl Display for CoincubeDescError>::fmt
FN:57,<impl From for CoincubeDescError>::from
FN:62,varint_len
FN:68,key_is_for_path
FN:109,<impl Display for CoincubeDescriptor>::fmt
FN:117,<impl FromStr for CoincubeDescriptor>::from_str
FN:149,<impl Display for SinglePathCoincubeDesc>::fmt
FN:155,<impl PartialEq for SinglePathCoincubeDesc>::eq
FN:171,ChangeOutput::index
FN:180,CoincubeDescriptor::new
FN:205,CoincubeDescriptor::all_xpubs_net_is
FN:216,CoincubeDescriptor::contains_fingerprint
FN:224,CoincubeDescriptor::contains_fingerprint_in_path
FN:236,CoincubeDescriptor::contains_fingerprint_in_primary_path
FN:242,CoincubeDescriptor::contains_fingerprint_in_recovery_path
FN:255,CoincubeDescriptor::descriptor
FN:260,CoincubeDescriptor::receive_descriptor
FN:265,CoincubeDescriptor::change_descriptor
FN:270,CoincubeDescriptor::policy
FN:277,CoincubeDescriptor::spendable_keys
FN:303,CoincubeDescriptor::process_unspendable_key
FN:312,CoincubeDescriptor::first_timelock_value
FN:326,CoincubeDescriptor::max_sat_weight
FN:400,CoincubeDescriptor::max_sat_vbytes
FN:410,CoincubeDescriptor::spender_input_size
FN:416,CoincubeDescriptor::is_taproot
FN:424,CoincubeDescriptor::partial_spend_info_txin
FN:494,CoincubeDescriptor::partial_spend_info
FN:534,CoincubeDescriptor::change_indexes
FN:593,CoincubeDescriptor::prune_bip32_derivs
FN:619,CoincubeDescriptor::prune_bip32_derivs_last_avail
FN:639,CoincubeDescriptor::unsigned_tx_max_weight
FN:664,CoincubeDescriptor::unsigned_tx_max_vbytes
FN:679,SinglePathCoincubeDesc::derive
FN:699,SinglePathCoincubeDesc::derive::<impl Translator for Derivator<'a,C>>::pk
FN:733,SinglePathCoincubeDesc::as_descriptor_public_key
FN:749,DerivedSinglePathCoincubeDesc::address
FN:755,DerivedSinglePathCoincubeDesc::script_pubkey
FN:760,DerivedSinglePathCoincubeDesc::witness_script
FN:765,DerivedSinglePathCoincubeDesc::bip32_derivations
FN:785,DerivedSinglePathCoincubeDesc::definite_desc
FN:790,DerivedSinglePathCoincubeDesc::update_psbt_in
FN:808,DerivedSinglePathCoincubeDesc::update_change_psbt_out
FNF:43
FNDA:2,<impl Display for CoincubeDescError>::fmt
FNDA:2,<impl From for CoincubeDescError>::from
FNDA:16,varint_len
FNDA:22,key_is_for_path
FNDA:17,<impl Display for CoincubeDescriptor>::fmt
FNDA:38,<impl FromStr for CoincubeDescriptor>::from_str
FNDA:0,<impl Display for SinglePathCoincubeDesc>::fmt
FNDA:0,<impl PartialEq for SinglePathCoincubeDesc>::eq
FNDA:0,ChangeOutput::index
FNDA:15,CoincubeDescriptor::new
FNDA:0,CoincubeDescriptor::all_xpubs_net_is
FNDA:0,CoincubeDescriptor::contains_fingerprint
FNDA:0,CoincubeDescriptor::contains_fingerprint_in_path
FNDA:7,CoincubeDescriptor::contains_fingerprint_in_primary_path
FNDA:16,CoincubeDescriptor::contains_fingerprint_in_recovery_path
FNDA:0,CoincubeDescriptor::descriptor
FNDA:10,CoincubeDescriptor::receive_descriptor
FNDA:2,CoincubeDescriptor::change_descriptor
FNDA:97,CoincubeDescriptor::policy
FNDA:1,CoincubeDescriptor::spendable_keys
FNDA:1,CoincubeDescriptor::process_unspendable_key
FNDA:3,CoincubeDescriptor::first_timelock_value
FNDA:15,CoincubeDescriptor::max_sat_weight
FNDA:8,CoincubeDescriptor::max_sat_vbytes
FNDA:4,CoincubeDescriptor::spender_input_size
FNDA:54,CoincubeDescriptor::is_taproot
FNDA:54,CoincubeDescriptor::partial_spend_info_txin
FNDA:33,CoincubeDescriptor::partial_spend_info
FNDA:6,CoincubeDescriptor::change_indexes
FNDA:6,CoincubeDescriptor::prune_bip32_derivs
FNDA:1,CoincubeDescriptor::prune_bip32_derivs_last_avail
FNDA:4,CoincubeDescriptor::unsigned_tx_max_weight
FNDA:2,CoincubeDescriptor::unsigned_tx_max_vbytes
FNDA:20,SinglePathCoincubeDesc::derive
FNDA:100,SinglePathCoincubeDesc::derive::<impl Translator for Derivator<'a,C>>::pk
FNDA:0,SinglePathCoincubeDesc::as_descriptor_public_key
FNDA:1,DerivedSinglePathCoincubeDesc::address
FNDA:19,DerivedSinglePathCoincubeDesc::script_pubkey
FNDA:3,DerivedSinglePathCoincubeDesc::witness_script
FNDA:5,DerivedSinglePathCoincubeDesc::bip32_derivations
FNDA:6,DerivedSinglePathCoincubeDesc::definite_desc
FNDA:7,DerivedSinglePathCoincubeDesc::update_psbt_in
FNDA:4,DerivedSinglePathCoincubeDesc::update_change_psbt_out
DA:43,2
DA:44,2
DA:45,0
DA:46,0
DA:47,0
DA:48,0
DA:49,6
DA:57,2
DA:58,2
DA:62,16
DA:63,32
DA:68,22
DA:74,64
DA:82,40
DA:83,60
DA:87,2
DA:109,17
DA:110,51
DA:117,38
DA:122,113
DA:123,152
DA:124,39
DA:125,76
DA:131,70
DA:136,105
DA:137,140
DA:138,140
DA:140,35
DA:141,70
DA:142,35
DA:143,35
DA:149,0
DA:150,0
DA:155,0
DA:156,0
DA:171,0
DA:172,0
DA:173,0
DA:174,0
DA:180,15
DA:182,45
DA:188,30
DA:193,45
DA:194,60
DA:195,60
DA:205,0
DA:206,0
DA:207,0
DA:208,0
DA:210,0
DA:216,0
DA:217,0
DA:218,0
DA:224,0
DA:229,0
DA:230,0
DA:231,0
DA:236,7
DA:237,21
DA:242,16
DA:247,16
DA:248,16
DA:249,32
DA:250,55
DA:255,0
DA:256,0
DA:260,10
DA:261,10
DA:265,2
DA:266,2
DA:270,97
DA:271,194
DA:277,1
DA:278,2
DA:279,2
DA:280,7
DA:281,10
DA:282,10
DA:283,15
DA:284,10
DA:285,5
DA:286,5
DA:289,9
DA:290,12
DA:293,0
DA:295,5
DA:297,3
DA:303,1
DA:304,2
DA:305,2
DA:307,0
DA:312,3
DA:313,6
DA:314,6
DA:315,6
DA:316,6
DA:317,6
DA:318,3
DA:319,3
DA:326,15
DA:327,15
DA:330,16
DA:331,8
DA:332,8
DA:333,8
DA:334,8
DA:336,28
DA:337,84
DA:338,72
DA:340,12
DA:353,16
DA:354,8
DA:355,8
DA:358,16
DA:360,14
DA:363,48
DA:364,16
DA:365,22
DA:366,6
DA:367,6
DA:368,24
DA:371,12
DA:372,16
DA:373,10
DA:375,6
DA:384,14
DA:385,14
DA:386,14
DA:387,14
DA:388,7
DA:389,7
DA:400,8
DA:401,24
DA:402,16
DA:404,8
DA:410,4
DA:412,12
DA:416,54
DA:417,89
DA:424,54
DA:429,162
DA:431,108
DA:432,89
DA:434,35
DA:435,35
DA:436,35
DA:437,236
DA:442,54
DA:443,73
DA:445,19
DA:446,19
DA:447,19
DA:448,33
DA:449,56
DA:452,58
DA:453,1
DA:454,1
DA:455,5
DA:458,54
DA:459,54
DA:465,162
DA:466,270
DA:467,108
DA:468,54
DA:470,133
DA:471,193
DA:472,104
DA:474,53
DA:494,33
DA:496,99
DA:497,99
DA:498,66
DA:499,66
DA:501,0
DA:509,132
DA:510,99
DA:511,66
DA:512,66
DA:513,99
DA:514,99
DA:516,165
DA:517,143
DA:520,22
DA:521,84
DA:523,2
DA:527,31
DA:534,6
DA:539,12
DA:543,36
DA:548,24
DA:549,12
DA:552,12
DA:553,24
DA:554,12
DA:557,12
DA:558,36
DA:560,24
DA:562,30
DA:564,6
DA:566,6
DA:571,18
DA:572,30
DA:573,6
DA:574,12
DA:575,4
DA:577,10
DA:578,4
DA:579,4
DA:582,0
DA:583,0
DA:588,6
DA:593,6
DA:595,12
DA:599,18
DA:602,6
DA:603,6
DA:604,78
DA:605,6
DA:606,6
DA:607,22
DA:610,6
DA:619,1
DA:620,4
DA:621,3
DA:622,2
DA:623,1
DA:626,2
DA:627,1
DA:628,1
DA:629,2
DA:630,2
DA:632,2
DA:633,3
DA:639,4
DA:640,24
DA:641,28
DA:643,8
DA:645,20
DA:646,8
DA:647,8
DA:651,20
DA:652,4
DA:654,0
DA:664,2
DA:665,8
DA:666,8
DA:667,8
DA:669,4
DA:679,20
DA:684,60
DA:699,100
DA:703,200
DA:705,200
DA:707,200
DA:708,300
DA:709,200
DA:710,200
DA:711,100
DA:713,400
DA:714,100
DA:724,40
DA:725,80
DA:726,20
DA:727,20
DA:733,0
DA:736,0
DA:749,1
DA:750,1
DA:751,2
DA:755,19
DA:756,38
DA:760,3
DA:761,12
DA:765,5
DA:766,10
DA:767,10
DA:768,10
DA:777,10
DA:778,49
DA:785,6
DA:786,24
DA:790,7
DA:791,7
DA:792,3
DA:793,12
DA:794,6
DA:797,12
DA:798,8
DA:799,0
DA:808,4
DA:809,4
DA:810,2
DA:811,4
DA:814,6
DA:815,4
DA:816,0
LF:296
LH:260
end_of_record
TN:
SF:/Users/starq1/codingz/rustProjz/coincube/coincube-core/src/random.rs
FN:17,<impl Display for RandomnessError>::fmt
FN:31,system_randomness
FN:39,additional_data
FN:61,random_bytes
FNF:4
FNDA:0,<impl Display for RandomnessError>::fmt
FNDA:209,system_randomness
FNDA:209,additional_data
FNDA:209,random_bytes
DA:17,0
DA:18,0
DA:19,0
DA:20,0
DA:21,0
DA:31,209
DA:32,418
DA:33,627
DA:34,209
DA:35,209
DA:39,209
DA:40,418
DA:42,627
DA:43,209
DA:44,209
DA:45,209
DA:46,209
DA:47,627
DA:48,627
DA:49,627
DA:50,418
DA:51,627
DA:54,418
DA:61,209
DA:62,418
DA:64,627
DA:65,627
DA:67,418
LF:28
LH:23
end_of_record
TN:
SF:/Users/starq1/codingz/rustProjz/coincube/coincube-core/src/signer.rs
FN:71,<impl Display for SignerError>::fmt
FN:114,create_dir
FN:131,create_file
FN:150,HotSigner::from_mnemonic
FN:163,HotSigner::generate
FN:171,HotSigner::from_str
FN:177,HotSigner::is_encrypted
FN:181,HotSigner::mnemonics_folder
FN:193,HotSigner::from_datadir_with_password
FN:202,HotSigner::from_datadir_with_password_filtered
FN:247,HotSigner::from_datadir_by_fingerprint
FN:298,HotSigner::from_datadir
FN:306,HotSigner::from_datadir_vault_only
FN:314,HotSigner::words
FN:320,HotSigner::mnemonic_str
FN:335,HotSigner::fingerprint
FN:344,HotSigner::slip77_master_blinding_key
FN:373,HotSigner::store_encrypted
FN:409,HotSigner::store
FN:420,HotSigner::encrypt_mnemonic
FN:483,HotSigner::decrypt_mnemonic
FN:550,HotSigner::xpriv_at
FN:561,HotSigner::xpub_at
FN:571,HotSigner::sign_p2wsh
FN:621,HotSigner::sign_taproot
FN:697,HotSigner::sign_psbt
FN:742,HotSigner::set_network
FN:754,<impl Display for MnemonicFileName>::fmt
FN:778,<impl Display for MnemonicFileNameError>::fmt
FN:793,<impl FromStr for MnemonicFileName>::from_str
FNF:30
FNDA:4,<impl Display for SignerError>::fmt
FNDA:1,create_dir
FNDA:10,create_file
FNDA:121,HotSigner::from_mnemonic
FNDA:109,HotSigner::generate
FNDA:12,HotSigner::from_str
FNDA:10,HotSigner::is_encrypted
FNDA:11,HotSigner::mnemonics_folder
FNDA:0,HotSigner::from_datadir_with_password
FNDA:1,HotSigner::from_datadir_with_password_filtered
FNDA:0,HotSigner::from_datadir_by_fingerprint
FNDA:1,HotSigner::from_datadir
FNDA:0,HotSigner::from_datadir_vault_only
FNDA:35,HotSigner::words
FNDA:11,HotSigner::mnemonic_str
FNDA:136,HotSigner::fingerprint
FNDA:0,HotSigner::slip77_master_blinding_key
FNDA:10,HotSigner::store_encrypted
FNDA:10,HotSigner::store
FNDA:0,HotSigner::encrypt_mnemonic
FNDA:0,HotSigner::decrypt_mnemonic
FNDA:145,HotSigner::xpriv_at
FNDA:103,HotSigner::xpub_at
FNDA:18,HotSigner::sign_p2wsh
FNDA:21,HotSigner::sign_taproot
FNDA:28,HotSigner::sign_psbt
FNDA:3,HotSigner::set_network
FNDA:14,<impl Display for MnemonicFileName>::fmt
FNDA:0,<impl Display for MnemonicFileNameError>::fmt
FNDA:9,<impl FromStr for MnemonicFileName>::from_str
DA:71,4
DA:72,4
DA:73,0
DA:74,0
DA:75,0
DA:76,0
DA:77,6
DA:78,2
DA:79,2
DA:82,0
DA:84,0
DA:85,0
DA:86,0
DA:87,0
DA:88,0
DA:89,0
DA:92,0
DA:93,0
DA:94,0
DA:95,0
DA:97,0
DA:114,1
DA:120,2
DA:121,3
DA:131,10
DA:132,20
DA:133,30
DA:139,30
DA:150,121
DA:154,121
DA:155,484
DA:156,121
DA:157,121
DA:158,121
DA:163,109
DA:165,327
DA:166,109
DA:167,327
DA:168,327
DA:171,12
DA:172,48
DA:173,36
DA:177,10
DA:178,30
DA:181,11
DA:183,22
DA:184,33
DA:185,11
DA:193,0
DA:198,0
DA:202,1
DA:208,2
DA:210,4
DA:211,1
DA:212,3
DA:214,21
DA:215,40
DA:218,10
DA:219,0
DA:220,0
DA:221,0
DA:226,40
DA:228,30
DA:229,0
DA:230,0
DA:232,0
DA:235,30
DA:236,0
DA:240,50
DA:243,1
DA:247,0
DA:253,0
DA:254,0
DA:255,0
DA:258,0
DA:259,0
DA:260,0
DA:263,0
DA:264,0
DA:266,0
DA:268,0
DA:269,0
DA:270,0
DA:272,0
DA:275,0
DA:276,0
DA:277,0
DA:278,0
DA:283,0
DA:286,0
DA:287,0
DA:288,0
DA:293,0
DA:298,1
DA:302,4
DA:306,0
DA:310,0
DA:314,35
DA:315,175
DA:316,140
DA:320,11
DA:321,33
DA:322,33
DA:324,297
DA:325,132
DA:326,385
DA:327,121
DA:331,11
DA:335,136
DA:339,408
DA:344,0
DA:348,0
DA:352,0
DA:353,0
DA:354,0
DA:355,0
DA:359,0
DA:360,0
DA:361,0
DA:362,0
DA:364,0
DA:365,0
DA:366,0
DA:373,10
DA:381,40
DA:382,10
DA:383,3
DA:387,30
DA:390,40
DA:392,20
DA:394,0
DA:397,20
DA:400,40
DA:401,10
DA:402,20
DA:403,10
DA:405,10
DA:409,10
DA:416,70
DA:420,0
DA:422,0
DA:423,0
DA:426,0
DA:427,0
DA:433,0
DA:435,0
DA:438,0
DA:439,0
DA:440,0
DA:441,0
DA:443,0
DA:444,0
DA:445,0
DA:449,0
DA:450,0
DA:451,0
DA:452,0
DA:454,0
DA:457,0
DA:458,0
DA:461,0
DA:462,0
DA:463,0
DA:466,0
DA:467,0
DA:468,0
DA:469,0
DA:472,0
DA:473,0
DA:474,0
DA:475,0
DA:476,0
DA:478,0
DA:483,0
DA:485,0
DA:486,0
DA:487,0
DA:491,0
DA:493,0
DA:494,0
DA:497,0
DA:498,0
DA:499,0
DA:502,0
DA:503,0
DA:510,0
DA:512,0
DA:514,0
DA:515,0
DA:516,0
DA:517,0
DA:519,0
DA:523,0
DA:524,0
DA:525,0
DA:526,0
DA:528,0
DA:531,0
DA:532,0
DA:536,0
DA:537,0
DA:538,0
DA:542,0
DA:543,0
DA:546,0
DA:550,145
DA:555,145
DA:556,435
DA:561,103
DA:566,515
DA:567,309
DA:571,18
DA:581,36
DA:582,18
DA:584,36
DA:585,36
DA:586,18
DA:587,18
DA:588,36
DA:590,36
DA:591,35
DA:592,90
DA:593,19
DA:594,51
DA:598,214
DA:599,60
DA:600,41
DA:602,114
DA:603,76
DA:604,19
DA:605,0
DA:607,95
DA:608,38
DA:609,19
DA:610,19
DA:611,19
DA:612,19
DA:617,17
DA:621,21
DA:630,42
DA:631,42
DA:634,41
DA:637,78
DA:638,19
DA:639,12
DA:640,8
DA:641,2
DA:642,0
DA:644,4
DA:645,6
DA:647,4
DA:648,8
DA:649,2
DA:650,6
DA:652,10
DA:657,2
DA:664,425
DA:665,81
DA:666,58
DA:669,64
DA:670,126
DA:671,84
DA:672,41
DA:674,21
DA:675,21
DA:676,21
DA:677,21
DA:679,22
DA:680,60
DA:682,100
DA:687,80
DA:691,20
DA:697,28
DA:702,112
DA:703,84
DA:705,84
DA:706,28
DA:708,116
DA:710,84
DA:711,2
DA:715,91
DA:716,78
DA:717,36
DA:718,18
DA:719,18
DA:720,18
DA:721,18
DA:722,18
DA:725,42
DA:726,21
DA:727,21
DA:728,21
DA:729,21
DA:730,21
DA:731,21
DA:736,24
DA:742,3
DA:743,3
DA:754,14
DA:755,14
DA:756,4
DA:757,2
DA:758,2
DA:764,36
DA:778,0
DA:779,0
DA:780,0
DA:781,0
DA:782,0
DA:793,9
DA:795,17
DA:796,2
DA:799,21
DA:805,35
DA:806,7
DA:809,6
DA:810,2
DA:812,2
DA:813,2
DA:814,2
DA:819,11
DA:820,5
DA:822,5
DA:824,4
DA:826,2
DA:827,4
DA:828,4
DA:831,1
LF:328
LH:191
end_of_record
TN:
SF:/Users/starq1/codingz/rustProjz/coincube/coincube-core/src/spend.rs
FN:62,<impl Display for SpendCreationError>::fmt
FN:96,check_output_value
FN:106,sanity_check_psbt
FN:225,<impl BnbMetric for LowestFeeChangeCondition>::score
FN:234,<impl BnbMetric for LowestFeeChangeCondition>::bound
FN:238,<impl BnbMetric for LowestFeeChangeCondition>::requires_ordering_by_descending_value_pwu
FN:268,select_coins_for_spend
FN:476,derived_desc
FN:497,anti_fee_sniping_locktime
FN:560,<impl Display for CreateSpendWarning>::fmt
FN:617,create_spend
FNF:11
FNDA:0,<impl Display for SpendCreationError>::fmt
FNDA:0,check_output_value
FNDA:0,sanity_check_psbt
FNDA:0,<impl BnbMetric for LowestFeeChangeCondition>::score
FNDA:0,<impl BnbMetric for LowestFeeChangeCondition>::bound
FNDA:0,<impl BnbMetric for LowestFeeChangeCondition>::requires_ordering_by_descending_value_pwu
FNDA:0,select_coins_for_spend
FNDA:0,derived_desc
FNDA:12,anti_fee_sniping_locktime
FNDA:0,<impl Display for CreateSpendWarning>::fmt
FNDA:0,create_spend
DA:62,0
DA:63,0
DA:64,0
DA:65,0
DA:66,0
DA:67,0
DA:72,0
DA:73,0
DA:74,0
DA:75,0
DA:76,0
DA:79,0
DA:80,0
DA:82,0
DA:83,0
DA:84,0
DA:88,0
DA:96,0
DA:97,0
DA:98,0
DA:100,0
DA:106,0
DA:111,0
DA:114,0
DA:115,0
DA:116,0
DA:118,0
DA:123,0
DA:124,0
DA:125,0
DA:126,0
DA:128,0
DA:129,0
DA:130,0
DA:131,0
DA:133,0
DA:137,0
DA:138,0
DA:139,0
DA:140,0
DA:141,0
DA:142,0
DA:143,0
DA:148,0
DA:149,0
DA:150,0
DA:151,0
DA:152,0
DA:154,0
DA:155,0
DA:156,0
DA:161,0
DA:162,0
DA:163,0
DA:167,0
DA:225,0
DA:226,0
DA:227,0
DA:228,0
DA:230,0
DA:234,0
DA:235,0
DA:238,0
DA:239,0
DA:268,0
DA:277,0
DA:278,0
DA:279,0
DA:280,0
DA:281,0
DA:282,0
DA:283,0
DA:284,0
DA:286,0
DA:288,0
DA:289,0
DA:293,0
DA:294,0
DA:298,0
DA:299,0
DA:301,0
DA:303,0
DA:305,0
DA:306,0
DA:307,0
DA:309,0
DA:310,0
DA:311,0
DA:318,0
DA:319,0
DA:320,0
DA:321,0
DA:323,0
DA:326,0
DA:327,0
DA:328,0
DA:329,0
DA:334,0
DA:335,0
DA:336,0
DA:339,0
DA:346,0
DA:347,0
DA:348,0
DA:355,0
DA:357,0
DA:358,0
DA:359,0
DA:360,0
DA:365,0
DA:389,0
DA:390,0
DA:391,0
DA:392,0
DA:396,0
DA:397,0
DA:399,0
DA:403,0
DA:404,0
DA:405,0
DA:409,0
DA:412,0
DA:413,0
DA:414,0
DA:416,0
DA:418,0
DA:421,0
DA:427,0
DA:429,0
DA:430,0
DA:435,0
DA:436,0
DA:443,0
DA:444,0
DA:445,0
DA:446,0
DA:447,0
DA:449,0
DA:450,0
DA:453,0
DA:454,0
DA:455,0
DA:456,0
DA:457,0
DA:458,0
DA:459,0
DA:461,0
DA:465,0
DA:466,0
DA:467,0
DA:468,0
DA:469,0
DA:470,0
DA:471,0
DA:476,0
DA:481,0
DA:482,0
DA:484,0
DA:486,0
DA:497,12
DA:502,12
DA:503,67
DA:504,23
DA:505,22
DA:508,30
DA:511,20
DA:512,6
DA:514,4
DA:516,40
DA:517,20
DA:518,20
DA:520,24
DA:560,0
DA:561,0
DA:562,0
DA:563,0
DA:569,0
DA:571,0
DA:572,0
DA:577,0
DA:617,0
DA:641,0
DA:642,0
DA:643,0
DA:644,0
DA:646,0
DA:647,0
DA:648,0
DA:655,0
DA:656,0
DA:660,0
DA:661,0
DA:662,0
DA:664,0
DA:665,0
DA:666,0
DA:670,0
DA:671,0
DA:672,0
DA:673,0
DA:675,0
DA:677,0
DA:678,0
DA:680,0
DA:682,0
DA:690,0
DA:695,0
DA:696,0
DA:697,0
DA:698,0
DA:702,0
DA:703,0
DA:704,0
DA:705,0
DA:709,0
DA:710,0
DA:712,0
DA:713,0
DA:714,0
DA:716,0
DA:719,0
DA:720,0
DA:724,0
DA:725,0
DA:726,0
DA:727,0
DA:728,0
DA:729,0
DA:730,0
DA:732,0
DA:737,0
DA:738,0
DA:739,0
DA:743,0
DA:744,0
DA:745,0
DA:746,0
DA:748,0
DA:750,0
DA:751,0
DA:755,0
DA:756,0
DA:757,0
DA:758,0
DA:759,0
DA:760,0
DA:764,0
DA:765,0
DA:766,0
DA:771,0
DA:772,0
DA:773,0
DA:774,0
DA:775,0
DA:776,0
DA:777,0
DA:778,0
DA:780,0
DA:784,0
DA:785,0
DA:786,0
DA:787,0
DA:788,0
DA:789,0
DA:791,0
DA:792,0
DA:794,0
DA:801,0
DA:802,0
DA:803,0
DA:807,0
DA:810,0
DA:811,0
DA:812,0
DA:813,0
LF:275
LH:13
end_of_record
TN:
SF:/Users/starq1/codingz/rustProjz/coincube/coincube-gui/src/app/breez/client.rs
FNF:0
DA:668,0
DA:669,0
LF:2
LH:0
end_of_record
TN:
SF:/Users/starq1/codingz/rustProjz/coincube/coincube-gui/src/app/settings/mod.rs
FNF:0
DA:64,0
DA:65,0
DA:67,0
DA:72,0
DA:73,0
DA:74,0
DA:76,0
DA:77,0
DA:79,0
DA:80,0
DA:81,0
DA:82,0
DA:83,0
DA:85,0
DA:86,0
DA:88,0
DA:91,0
DA:94,0
DA:95,0
DA:96,0
DA:97,0
DA:98,0
DA:101,0
DA:102,0
DA:104,0
DA:105,0
DA:108,0
DA:109,0
DA:110,0
DA:113,0
DA:114,0
DA:115,0
DA:116,0
DA:118,0
DA:359,0
DA:778,0
DA:780,0
DA:781,0
DA:786,0
DA:787,0
DA:789,0
DA:790,0
DA:792,0
DA:793,0
DA:794,0
DA:796,0
DA:797,0
DA:798,0
DA:803,0
DA:804,0
DA:805,0
DA:808,0
DA:811,0
DA:813,0
DA:814,0
DA:815,0
DA:816,0
DA:817,0
DA:818,0
DA:820,0
DA:823,0
DA:824,0
DA:825,0
DA:827,0
DA:832,0
DA:833,0
DA:834,0
DA:837,0
DA:838,0
DA:840,0
DA:842,0
DA:843,0
DA:844,0
DA:848,0
DA:849,0
DA:852,0
DA:853,0
DA:855,0
DA:856,0
DA:858,0
DA:859,0
DA:863,0
LF:82
LH:0
end_of_record
TN:
SF:/Users/starq1/codingz/rustProjz/coincube/coincube-gui/src/app/state/buysell.rs
FN:30,<impl State for BuySellPanel>::view
FNF:1
FNDA:0,<impl State for BuySellPanel>::view
DA:30,0
LF:1
LH:0
end_of_record
TN:
SF:/Users/starq1/codingz/rustProjz/coincube/coincube-gui/src/app/state/connect/mod.rs
FNF:0
DA:85,0
DA:86,0
DA:87,0
DA:88,0
DA:89,0
DA:90,0
DA:91,0
DA:93,0
DA:94,0
DA:95,0
DA:97,0
DA:100,0
DA:101,0
DA:102,0
DA:103,0
DA:104,0
DA:105,0
LF:17
LH:0
end_of_record
TN:
SF:/Users/starq1/codingz/rustProjz/coincube/coincube-gui/src/app/state/global_home.rs
FNF:0
DA:189,0
DA:190,0
DA:193,0
DA:194,0
DA:196,0
DA:199,0
DA:200,0
DA:203,0
DA:206,0
DA:207,0
DA:208,0
DA:209,0
DA:210,0
DA:212,0
DA:215,0
DA:216,0
DA:217,0
DA:220,0
DA:221,0
DA:224,0
DA:225,0
DA:226,0
DA:227,0
DA:228,0
DA:229,0
DA:230,0
DA:231,0
DA:232,0
DA:233,0
DA:234,0
DA:235,0
DA:236,0
DA:237,0
DA:238,0
DA:239,0
DA:240,0
DA:241,0
DA:242,0
DA:243,0
DA:244,0
DA:245,0
DA:246,0
DA:247,0
DA:248,0
DA:249,0
DA:250,0
DA:251,0
DA:252,0
DA:253,0
DA:254,0
DA:255,0
DA:256,0
DA:257,0
DA:258,0
DA:259,0
DA:260,0
DA:264,0
DA:265,0
DA:266,0
DA:269,0
DA:270,0
DA:272,0
DA:275,0
DA:278,0
DA:279,0
LF:65
LH:0
end_of_record
TN:
SF:/Users/starq1/codingz/rustProjz/coincube/coincube-gui/src/app/state/liquid/overview.rs
FNF:0
DA:105,0
DA:106,0
DA:108,0
DA:110,0
DA:111,0
DA:112,0
DA:113,0
DA:114,0
DA:115,0
DA:116,0
DA:121,0
DA:122,0
DA:123,0
DA:124,0
DA:125,0
DA:126,0
DA:127,0
DA:128,0
DA:130,0
DA:132,0
LF:20
LH:0
end_of_record
TN:
SF:/Users/starq1/codingz/rustProjz/coincube/coincube-gui/src/app/state/liquid/receive.rs
FNF:0
DA:157,0
DA:159,0
DA:160,0
DA:164,0
DA:166,0
DA:167,0
DA:168,0
DA:170,0
DA:171,0
DA:175,0
DA:176,0
DA:177,0
DA:178,0
DA:179,0
DA:180,0
DA:181,0
DA:182,0
DA:183,0
DA:184,0
DA:185,0
DA:186,0
DA:187,0
DA:188,0
DA:189,0
DA:190,0
DA:191,0
DA:193,0
DA:195,0
DA:198,0
DA:199,0
DA:200,0
DA:201,0
DA:202,0
DA:203,0
DA:205,0
DA:208,0
DA:209,0
DA:210,0
DA:211,0
DA:212,0
DA:213,0
DA:214,0
DA:216,0
DA:219,0
DA:220,0
DA:221,0
DA:222,0
DA:223,0
DA:224,0
DA:225,0
DA:227,0
DA:231,0
DA:831,0
DA:832,0
DA:833,0
DA:834,0
DA:835,0
DA:837,0
DA:839,0
DA:842,0
LF:60
LH:0
end_of_record
TN:
SF:/Users/starq1/codingz/rustProjz/coincube/coincube-gui/src/app/state/liquid/send.rs
FNF:0
DA:376,0
DA:378,0
DA:379,0
DA:380,0
DA:381,0
DA:382,0
DA:383,0
DA:384,0
DA:385,0
DA:389,0
DA:391,0
DA:393,0
DA:394,0
DA:395,0
DA:396,0
DA:397,0
DA:398,0
DA:399,0
DA:403,0
DA:405,0
DA:406,0
DA:407,0
DA:408,0
DA:409,0
DA:410,0
DA:411,0
DA:412,0
DA:413,0
DA:414,0
DA:415,0
DA:416,0
DA:417,0
DA:418,0
DA:419,0
DA:420,0
DA:421,0
DA:422,0
DA:423,0
DA:424,0
DA:425,0
DA:426,0
DA:427,0
DA:428,0
DA:429,0
DA:430,0
DA:431,0
DA:432,0
DA:433,0
DA:435,0
DA:436,0
DA:437,0
DA:439,0
DA:440,0
DA:441,0
DA:442,0
LF:55
LH:0
end_of_record
TN:
SF:/Users/starq1/codingz/rustProjz/coincube/coincube-gui/src/app/state/liquid/settings.rs
FNF:0
DA:61,0
DA:63,0
DA:64,0
DA:65,0
LF:4
LH:0
end_of_record
TN:
SF:/Users/starq1/codingz/rustProjz/coincube/coincube-gui/src/app/state/liquid/sideshift_receive.rs
FNF:0
DA:263,0
DA:265,0
DA:266,0
DA:267,0
DA:268,0
DA:269,0
DA:270,0
DA:271,0
DA:272,0
DA:273,0
DA:277,0
DA:278,0
DA:279,0
LF:13
LH:0
end_of_record
TN:
SF:/Users/starq1/codingz/rustProjz/coincube/coincube-gui/src/app/state/liquid/sideshift_send.rs
FNF:0
DA:272,0
DA:273,0
DA:274,0
DA:275,0
DA:276,0
DA:277,0
DA:278,0
DA:279,0
DA:280,0
DA:281,0
DA:282,0
DA:283,0
DA:284,0
DA:288,0
DA:289,0
DA:290,0
LF:16
LH:0
end_of_record
TN:
SF:/Users/starq1/codingz/rustProjz/coincube/coincube-gui/src/app/state/liquid/transactions.rs
FNF:0
DA:121,0
DA:122,0
DA:123,0
DA:125,0
DA:126,0
DA:127,0
DA:128,0
DA:129,0
DA:130,0
DA:131,0
DA:134,0
DA:136,0
DA:137,0
DA:138,0
DA:139,0
DA:140,0
DA:141,0
DA:142,0
DA:143,0
DA:144,0
DA:149,0
DA:150,0
DA:151,0
DA:152,0
DA:153,0
DA:154,0
DA:155,0
DA:156,0
DA:157,0
DA:158,0
DA:159,0
DA:160,0
DA:161,0
DA:162,0
DA:167,0
DA:168,0
DA:169,0
DA:174,0
DA:175,0
DA:177,0
DA:179,0
DA:180,0
DA:181,0
DA:183,0
DA:185,0
DA:188,0
DA:189,0
LF:47
LH:0
end_of_record
TN:
SF:/Users/starq1/codingz/rustProjz/coincube/coincube-gui/src/app/state/mod.rs
FN:47,State::update
FN:49,State::subscription
FN:53,State::close
FNF:3
FNDA:0,State::update
FNDA:0,State::subscription
FNDA:0,State::close
DA:47,0
DA:49,0
DA:50,0
DA:53,0
DA:54,0
DA:62,0
LF:6
LH:0
end_of_record
TN:
SF:/Users/starq1/codingz/rustProjz/coincube/coincube-gui/src/app/state/settings/about.rs
FN:20,<impl State for AboutSettingsState>::view
FNF:1
FNDA:0,<impl State for AboutSettingsState>::view
DA:20,0
DA:21,0
LF:2
LH:0
end_of_record
TN:
SF:/Users/starq1/codingz/rustProjz/coincube/coincube-gui/src/app/state/settings/general.rs
FNF:0
DA:144,0
DA:146,0
DA:147,0
DA:148,0
DA:149,0
DA:150,0
DA:151,0
DA:152,0
LF:8
LH:0
end_of_record
TN:
SF:/Users/starq1/codingz/rustProjz/coincube/coincube-gui/src/app/state/settings/install_stats.rs
FNF:0
DA:116,0
DA:118,0
DA:119,0
DA:120,0
DA:121,0
DA:122,0
DA:123,0
DA:124,0
DA:125,0
LF:9
LH:0
end_of_record
TN:
SF:/Users/starq1/codingz/rustProjz/coincube/coincube-gui/src/app/state/settings/mod.rs
FNF:0
DA:120,0
DA:121,0
DA:122,0
DA:124,0
LF:4
LH:0
end_of_record
TN:
SF:/Users/starq1/codingz/rustProjz/coincube/coincube-gui/src/app/state/vault/coins.rs
FNF:0
DA:95,0
DA:97,0
DA:98,0
DA:99,0
DA:100,0
DA:101,0
DA:102,0
DA:103,0
DA:104,0
DA:105,0
DA:106,0
LF:11
LH:0
end_of_record
TN:
SF:/Users/starq1/codingz/rustProjz/coincube/coincube-gui/src/app/state/vault/export.rs
FNF:0
DA:54,0
DA:128,0
DA:129,0
DA:130,0
DA:138,0
DA:139,0
DA:140,0
DA:141,0
DA:142,0
DA:144,0
DA:145,0
DA:146,0
DA:149,0
DA:150,0
DA:151,0
DA:152,0
DA:153,0
DA:154,0
DA:155,0
DA:157,0
DA:158,0
DA:159,0
DA:160,0
DA:161,0
DA:165,0
DA:166,0
DA:167,0
DA:168,0
DA:169,0
DA:170,0
DA:172,0
DA:173,0
DA:174,0
DA:175,0
DA:176,0
DA:180,0
DA:181,0
DA:183,0
DA:184,0
DA:185,0
DA:186,0
DA:188,0
DA:189,0
DA:192,0
DA:193,0
DA:194,0
DA:197,0
DA:198,0
DA:199,0
DA:202,0
DA:204,0
DA:205,0
DA:207,0
DA:208,0
DA:210,0
DA:211,0
DA:212,0
DA:213,0
DA:215,0
DA:219,0
DA:220,0
DA:221,0
DA:222,0
DA:223,0
DA:224,0
DA:226,0
DA:227,0
DA:228,0
DA:229,0
DA:230,0
DA:231,0
DA:235,0
DA:237,0
DA:238,0
DA:239,0
DA:240,0
DA:241,0
DA:242,0
DA:246,0
DA:251,0
DA:252,0
DA:253,0
DA:254,0
DA:255,0
DA:256,0
DA:258,0
DA:259,0
DA:260,0
DA:261,0
DA:262,0
DA:263,0
DA:267,0
DA:269,0
DA:270,0
DA:271,0
DA:272,0
DA:273,0
DA:274,0
DA:278,0
DA:286,0
DA:294,0
DA:295,0
DA:296,0
DA:298,0
DA:299,0
DA:302,0
DA:303,0
DA:304,0
DA:305,0
DA:306,0
DA:307,0
LF:111
LH:0
end_of_record
TN:
SF:/Users/starq1/codingz/rustProjz/coincube/coincube-gui/src/app/state/vault/label.rs
FNF:0
DA:28,0
DA:29,0
DA:30,0
DA:31,0
DA:32,0
DA:33,0
DA:34,0
DA:35,0
DA:37,0
DA:38,0
DA:39,0
DA:40,0
DA:41,0
DA:42,0
DA:48,0
DA:49,0
DA:50,0
DA:53,0
DA:54,0
DA:55,0
DA:56,0
DA:57,0
DA:58,0
DA:59,0
DA:60,0
DA:61,0
DA:63,0
DA:64,0
DA:68,0
DA:69,0
DA:70,0
DA:71,0
DA:73,0
DA:77,0
DA:78,0
DA:79,0
DA:80,0
DA:82,0
DA:83,0
DA:86,0
DA:87,0
DA:90,0
DA:92,0
LF:43
LH:0
end_of_record
TN:
SF:/Users/starq1/codingz/rustProjz/coincube/coincube-gui/src/app/state/vault/overview.rs
FNF:0
DA:103,0
DA:104,0
DA:106,0
DA:107,0
DA:108,0
DA:110,0
DA:113,0
DA:114,0
DA:115,0
DA:117,0
DA:118,0
DA:119,0
DA:120,0
DA:124,0
DA:125,0
DA:126,0
DA:127,0
DA:128,0
DA:129,0
DA:130,0
DA:131,0
DA:132,0
DA:133,0
DA:134,0
DA:135,0
DA:136,0
DA:137,0
DA:138,0
DA:139,0
DA:140,0
LF:30
LH:0
end_of_record
TN:
SF:/Users/starq1/codingz/rustProjz/coincube/coincube-gui/src/app/state/vault/psbt.rs
FN:44,Modal::load
FN:48,Modal::subscription
FN:58,Modal::update
FN:73,<impl AsRef for PsbtModal>::as_ref
FN:85,<impl AsMut for PsbtModal>::as_mut
FNF:5
FNDA:0,Modal::load
FNDA:0,Modal::subscription
FNDA:0,Modal::update
FNDA:0,<impl AsRef for PsbtModal>::as_ref
FNDA:0,<impl AsMut for PsbtModal>::as_mut
DA:44,0
DA:45,0
DA:48,0
DA:49,0
DA:58,0
DA:73,0
DA:74,0
DA:75,0
DA:76,0
DA:77,0
DA:78,0
DA:79,0
DA:85,0
DA:86,0
DA:87,0
DA:88,0
DA:89,0
DA:90,0
DA:91,0
DA:293,0
DA:295,0
DA:296,0
DA:297,0
DA:298,0
DA:299,0
DA:300,0
DA:301,0
DA:302,0
DA:303,0
DA:305,0
DA:307,0
DA:309,0
DA:310,0
DA:312,0
DA:360,0
DA:361,0
DA:362,0
DA:412,0
DA:414,0
DA:415,0
DA:417,0
DA:462,0
DA:463,0
DA:464,0
DA:859,0
DA:861,0
DA:862,0
DA:863,0
DA:864,0
DA:865,0
DA:870,0
DA:871,0
DA:872,0
DA:873,0
DA:874,0
DA:875,0
DA:876,0
DA:877,0
DA:878,0
DA:879,0
DA:880,0
DA:881,0
DA:882,0
DA:883,0
DA:886,0
DA:890,0
LF:66
LH:0
end_of_record
TN:
SF:/Users/starq1/codingz/rustProjz/coincube/coincube-gui/src/app/state/vault/psbts.rs
FNF:0
DA:42,0
DA:43,0
DA:44,0
DA:47,0
DA:48,0
DA:49,0
DA:51,0
DA:52,0
DA:54,0
LF:9
LH:0
end_of_record
TN:
SF:/Users/starq1/codingz/rustProjz/coincube/coincube-gui/src/app/state/vault/receive.rs
FNF:0
DA:118,0
DA:120,0
DA:121,0
DA:122,0
DA:123,0
DA:124,0
DA:125,0
DA:126,0
DA:127,0
DA:128,0
DA:129,0
DA:130,0
DA:131,0
DA:136,0
DA:137,0
DA:138,0
DA:140,0
DA:141,0
DA:143,0
LF:19
LH:0
end_of_record
TN:
SF:/Users/starq1/codingz/rustProjz/coincube/coincube-gui/src/app/state/vault/settings/bitcoind.rs
FNF:0
DA:720,0
DA:721,0
DA:722,0
DA:723,0
DA:724,0
DA:725,0
DA:726,0
DA:727,0
DA:728,0
DA:729,0
DA:730,0
DA:731,0
DA:732,0
DA:733,0
DA:734,0
DA:735,0
DA:736,0
DA:737,0
DA:740,0
DA:741,0
DA:742,0
DA:743,0
DA:744,0
DA:745,0
DA:746,0
DA:749,0
DA:750,0
DA:751,0
DA:752,0
DA:753,0
DA:754,0
DA:755,0
DA:757,0
DA:760,0
DA:761,0
DA:762,0
DA:763,0
DA:764,0
DA:765,0
DA:766,0
DA:767,0
DA:769,0
DA:773,0
DA:774,0
DA:775,0
DA:776,0
DA:777,0
DA:778,0
DA:779,0
DA:780,0
DA:781,0
DA:782,0
DA:783,0
DA:784,0
DA:785,0
DA:787,0
DA:788,0
DA:789,0
DA:790,0
DA:791,0
DA:792,0
DA:793,0
DA:794,0
DA:795,0
DA:796,0
DA:797,0
DA:798,0
DA:801,0
DA:802,0
DA:803,0
DA:806,0
DA:807,0
DA:808,0
DA:809,0
DA:810,0
DA:811,0
DA:812,0
DA:813,0
DA:814,0
DA:815,0
DA:817,0
DA:818,0
DA:820,0
DA:821,0
DA:823,0
DA:824,0
DA:825,0
DA:826,0
DA:827,0
DA:828,0
DA:829,0
DA:831,0
DA:833,0
DA:834,0
DA:835,0
DA:836,0
DA:837,0
DA:838,0
DA:839,0
DA:841,0
DA:842,0
DA:843,0
DA:844,0
DA:845,0
DA:846,0
DA:847,0
DA:848,0
DA:849,0
DA:850,0
DA:851,0
DA:852,0
DA:854,0
DA:858,0
DA:859,0
DA:860,0
DA:861,0
DA:862,0
DA:866,0
DA:867,0
DA:868,0
DA:869,0
DA:874,0
DA:875,0
DA:876,0
DA:877,0
DA:878,0
DA:881,0
DA:1105,0
DA:1106,0
DA:1107,0
DA:1109,0
DA:1110,0
DA:1111,0
DA:1112,0
DA:1113,0
DA:1114,0
DA:1115,0
DA:1119,0
DA:1120,0
DA:1121,0
DA:1122,0
DA:1123,0
DA:1124,0
DA:1222,0
DA:1223,0
DA:1224,0
DA:1226,0
DA:1227,0
DA:1228,0
DA:1229,0
DA:1230,0
DA:1231,0
DA:1235,0
DA:1236,0
DA:1237,0
DA:1238,0
DA:1239,0
DA:1240,0
DA:1376,0
DA:1378,0
DA:1379,0
DA:1380,0
DA:1381,0
DA:1382,0
DA:1383,0
DA:1384,0
DA:1385,0
DA:1386,0
DA:1387,0
LF:169
LH:0
end_of_record
TN:
SF:/Users/starq1/codingz/rustProjz/coincube/coincube-gui/src/app/state/vault/settings/mod.rs
FNF:0
DA:146,0
DA:147,0
DA:148,0
DA:151,0
DA:152,0
DA:153,0
DA:207,0
DA:208,0
DA:209,0
DA:210,0
DA:212,0
DA:349,0
DA:350,0
DA:425,0
DA:427,0
DA:428,0
DA:429,0
DA:430,0
DA:431,0
LF:19
LH:0
end_of_record
TN:
SF:/Users/starq1/codingz/rustProjz/coincube/coincube-gui/src/app/state/vault/settings/wallet.rs
FNF:0
DA:110,0
DA:112,0
DA:113,0
DA:114,0
DA:115,0
DA:116,0
DA:117,0
DA:118,0
DA:119,0
DA:122,0
DA:123,0
DA:124,0
DA:125,0
DA:127,0
LF:14
LH:0
end_of_record
TN:
SF:/Users/starq1/codingz/rustProjz/coincube/coincube-gui/src/app/state/vault/spend/mod.rs
FNF:0
DA:179,0
DA:180,0
LF:2
LH:0
end_of_record
TN:
SF:/Users/starq1/codingz/rustProjz/coincube/coincube-gui/src/app/state/vault/spend/step.rs
FNF:0
DA:92,0
DA:93,0
DA:914,0
DA:915,0
DA:916,0
DA:918,0
DA:919,0
DA:920,0
DA:921,0
DA:922,0
DA:923,0
DA:924,0
DA:925,0
DA:926,0
DA:927,0
DA:928,0
DA:929,0
DA:930,0
DA:931,0
DA:932,0
DA:934,0
DA:936,0
DA:937,0
DA:938,0
DA:939,0
DA:940,0
DA:941,0
DA:942,0
DA:943,0
DA:944,0
DA:945,0
DA:946,0
DA:947,0
DA:948,0
DA:949,0
DA:950,0
DA:1237,0
DA:1238,0
DA:1240,0
DA:1241,0
DA:1242,0
DA:1243,0
DA:1244,0
DA:1245,0
DA:1246,0
DA:1247,0
DA:1248,0
DA:1249,0
DA:1250,0
DA:1252,0
DA:1254,0
DA:1256,0
DA:1257,0
DA:1259,0
DA:1308,0
DA:1310,0
DA:1311,0
DA:1312,0
DA:1313,0
DA:1314,0
DA:1315,0
DA:1316,0
DA:1317,0
DA:1318,0
DA:1319,0
DA:1320,0
DA:1321,0
DA:1322,0
DA:1323,0
DA:1324,0
DA:1327,0
DA:1330,0
DA:1331,0
LF:73
LH:0
end_of_record
TN:
SF:/Users/starq1/codingz/rustProjz/coincube/coincube-gui/src/app/state/vault/transactions.rs
FNF:0
DA:82,0
DA:83,0
DA:85,0
DA:86,0
DA:87,0
DA:88,0
DA:89,0
DA:91,0
DA:92,0
DA:93,0
DA:97,0
DA:98,0
DA:99,0
DA:100,0
DA:101,0
DA:103,0
DA:104,0
DA:105,0
DA:474,0
DA:476,0
DA:477,0
DA:478,0
DA:479,0
DA:480,0
DA:481,0
DA:484,0
DA:485,0
DA:487,0
DA:488,0
LF:29
LH:0
end_of_record
TN:
SF:/Users/starq1/codingz/rustProjz/coincube/coincube-gui/src/app/view/buysell/mavapay/ui.rs
FN:14,form
FN:38,buy_input_form
FN:148,sell_input_form
FN:436,detail_row
FN:458,summary_card
FN:524,instructions_card
FN:611,notes_card
FN:626,note_item
FN:642,order_success_view
FN:733,history_view
FNF:10
FNDA:0,form
FNDA:0,buy_input_form
FNDA:0,sell_input_form
FNDA:0,detail_row
FNDA:0,summary_card
FNDA:0,instructions_card
FNDA:0,notes_card
FNDA:0,note_item
FNDA:0,order_success_view
FNDA:0,history_view
DA:14,0
DA:15,0
DA:16,0
DA:17,0
DA:18,0
DA:20,0
DA:21,0
DA:22,0
DA:23,0
DA:24,0
DA:27,0
DA:28,0
DA:29,0
DA:30,0
DA:32,0
DA:35,0
DA:38,0
DA:39,0
DA:40,0
DA:41,0
DA:42,0
DA:43,0
DA:48,0
DA:50,0
DA:51,0
DA:52,0
DA:53,0
DA:54,0
DA:55,0
DA:57,0
DA:58,0
DA:59,0
DA:60,0
DA:61,0
DA:62,0
DA:63,0
DA:65,0
DA:66,0
DA:67,0
DA:68,0
DA:69,0
DA:70,0
DA:71,0
DA:72,0
DA:74,0
DA:75,0
DA:76,0
DA:77,0
DA:78,0
DA:79,0
DA:80,0
DA:81,0
DA:82,0
DA:84,0
DA:85,0
DA:86,0
DA:87,0
DA:88,0
DA:89,0
DA:90,0
DA:91,0
DA:93,0
DA:95,0
DA:96,0
DA:97,0
DA:98,0
DA:99,0
DA:100,0
DA:101,0
DA:102,0
DA:103,0
DA:107,0
DA:109,0
DA:110,0
DA:111,0
DA:114,0
DA:115,0
DA:116,0
DA:118,0
DA:119,0
DA:122,0
DA:123,0
DA:126,0
DA:127,0
DA:128,0
DA:129,0
DA:130,0
DA:132,0
DA:133,0
DA:135,0
DA:136,0
DA:138,0
DA:139,0
DA:140,0
DA:142,0
DA:148,0
DA:149,0
DA:150,0
DA:151,0
DA:152,0
DA:153,0
DA:158,0
DA:159,0
DA:160,0
DA:161,0
DA:162,0
DA:163,0
DA:164,0
DA:165,0
DA:171,0
DA:172,0
DA:173,0
DA:174,0
DA:175,0
DA:176,0
DA:177,0
DA:178,0
DA:179,0
DA:181,0
DA:182,0
DA:183,0
DA:184,0
DA:185,0
DA:186,0
DA:187,0
DA:188,0
DA:189,0
DA:190,0
DA:191,0
DA:192,0
DA:194,0
DA:195,0
DA:197,0
DA:198,0
DA:200,0
DA:204,0
DA:206,0
DA:207,0
DA:208,0
DA:209,0
DA:210,0
DA:211,0
DA:212,0
DA:213,0
DA:214,0
DA:215,0
DA:216,0
DA:217,0
DA:218,0
DA:221,0
DA:222,0
DA:223,0
DA:224,0
DA:225,0
DA:226,0
DA:227,0
DA:228,0
DA:229,0
DA:230,0
DA:232,0
DA:233,0
DA:234,0
DA:235,0
DA:236,0
DA:237,0
DA:238,0
DA:239,0
DA:240,0
DA:241,0
DA:242,0
DA:243,0
DA:244,0
DA:249,0
DA:250,0
DA:251,0
DA:252,0
DA:253,0
DA:254,0
DA:255,0
DA:259,0
DA:260,0
DA:263,0
DA:264,0
DA:266,0
DA:267,0
DA:268,0
DA:269,0
DA:270,0
DA:271,0
DA:272,0
DA:273,0
DA:274,0
DA:275,0
DA:281,0
DA:282,0
DA:283,0
DA:284,0
DA:285,0
DA:286,0
DA:287,0
DA:288,0
DA:289,0
DA:290,0
DA:291,0
DA:294,0
DA:295,0
DA:296,0
DA:297,0
DA:298,0
DA:299,0
DA:300,0
DA:301,0
DA:302,0
DA:303,0
DA:304,0
DA:306,0
DA:307,0
DA:308,0
DA:309,0
DA:310,0
DA:311,0
DA:312,0
DA:313,0
DA:314,0
DA:315,0
DA:316,0
DA:317,0
DA:321,0
DA:322,0
DA:325,0
DA:326,0
DA:328,0
DA:331,0
DA:332,0
DA:333,0
DA:334,0
DA:335,0
DA:336,0
DA:337,0
DA:338,0
DA:341,0
DA:342,0
DA:343,0
DA:344,0
DA:345,0
DA:346,0
DA:347,0
DA:348,0
DA:349,0
DA:350,0
DA:352,0
DA:353,0
DA:354,0
DA:355,0
DA:363,0
DA:366,0
DA:367,0
DA:368,0
DA:369,0
DA:370,0
DA:372,0
DA:373,0
DA:375,0
DA:376,0
DA:377,0
DA:378,0
DA:379,0
DA:380,0
DA:381,0
DA:382,0
DA:385,0
DA:386,0
DA:387,0
DA:388,0
DA:389,0
DA:390,0
DA:392,0
DA:393,0
DA:394,0
DA:395,0
DA:396,0
DA:397,0
DA:398,0
DA:399,0
DA:400,0
DA:402,0
DA:403,0
DA:404,0
DA:405,0
DA:407,0
DA:408,0
DA:409,0
DA:410,0
DA:413,0
DA:414,0
DA:415,0
DA:416,0
DA:417,0
DA:418,0
DA:419,0
DA:424,0
DA:425,0
DA:428,0
DA:436,0
DA:438,0
DA:439,0
DA:440,0
DA:441,0
DA:442,0
DA:443,0
DA:446,0
DA:447,0
DA:448,0
DA:449,0
DA:452,0
DA:458,0
DA:459,0
DA:460,0
DA:463,0
DA:464,0
DA:465,0
DA:466,0
DA:467,0
DA:468,0
DA:469,0
DA:472,0
DA:473,0
DA:474,0
DA:475,0
DA:476,0
DA:477,0
DA:478,0
DA:481,0
DA:482,0
DA:483,0
DA:484,0
DA:485,0
DA:486,0
DA:487,0
DA:488,0
DA:489,0
DA:492,0
DA:494,0
DA:495,0
DA:496,0
DA:497,0
DA:498,0
DA:499,0
DA:500,0
DA:501,0
DA:502,0
DA:503,0
DA:505,0
DA:506,0
DA:507,0
DA:508,0
DA:510,0
DA:511,0
DA:513,0
DA:516,0
DA:524,0
DA:525,0
DA:526,0
DA:527,0
DA:532,0
DA:533,0
DA:534,0
DA:535,0
DA:536,0
DA:537,0
DA:538,0
DA:539,0
DA:540,0
DA:542,0
DA:544,0
DA:545,0
DA:546,0
DA:547,0
DA:550,0
DA:551,0
DA:552,0
DA:553,0
DA:554,0
DA:555,0
DA:556,0
DA:558,0
DA:559,0
DA:560,0
DA:562,0
DA:563,0
DA:564,0
DA:566,0
DA:567,0
DA:568,0
DA:569,0
DA:570,0
DA:572,0
DA:573,0
DA:574,0
DA:575,0
DA:576,0
DA:577,0
DA:578,0
DA:579,0
DA:580,0
DA:581,0
DA:582,0
DA:583,0
DA:584,0
DA:585,0
DA:586,0
DA:587,0
DA:588,0
DA:589,0
DA:590,0
DA:591,0
DA:592,0
DA:593,0
DA:594,0
DA:595,0
DA:596,0
DA:597,0
DA:598,0
DA:599,0
DA:600,0
DA:601,0
DA:602,0
DA:603,0
DA:604,0
DA:605,0
DA:606,0
DA:607,0
DA:611,0
DA:613,0
DA:614,0
DA:615,0
DA:616,0
DA:617,0
DA:618,0
DA:619,0
DA:620,0
DA:622,0
DA:626,0
DA:627,0
DA:628,0
DA:629,0
DA:630,0
DA:632,0
DA:642,0
DA:643,0
DA:644,0
DA:645,0
DA:647,0
DA:648,0
DA:649,0
DA:653,0
DA:654,0
DA:655,0
DA:656,0
DA:657,0
DA:658,0
DA:659,0
DA:660,0
DA:661,0
DA:662,0
DA:663,0
DA:666,0
DA:668,0
DA:669,0
DA:670,0
DA:671,0
DA:672,0
DA:673,0
DA:674,0
DA:675,0
DA:676,0
DA:677,0
DA:678,0
DA:679,0
DA:681,0
DA:682,0
DA:683,0
DA:684,0
DA:686,0
DA:688,0
DA:689,0
DA:690,0
DA:691,0
DA:692,0
DA:693,0
DA:695,0
DA:696,0
DA:697,0
DA:698,0
DA:700,0
DA:702,0
DA:703,0
DA:704,0
DA:705,0
DA:708,0
DA:709,0
DA:711,0
DA:712,0
DA:713,0
DA:714,0
DA:715,0
DA:716,0
DA:717,0
DA:718,0
DA:719,0
DA:720,0
DA:721,0
DA:722,0
DA:724,0
DA:725,0
DA:727,0
DA:729,0
DA:733,0
DA:734,0
DA:735,0
DA:736,0
DA:737,0
DA:742,0
DA:744,0
DA:745,0
DA:746,0
DA:747,0
DA:749,0
DA:752,0
DA:753,0
DA:756,0
DA:757,0
DA:758,0
DA:759,0
DA:760,0
DA:761,0
DA:762,0
DA:764,0
DA:765,0
DA:766,0
DA:768,0
DA:770,0
DA:773,0
DA:774,0
DA:776,0
DA:778,0
DA:779,0
DA:783,0
DA:784,0
DA:785,0
DA:786,0
DA:787,0
DA:788,0
DA:789,0
DA:792,0
DA:812,0
DA:813,0
DA:816,0
DA:817,0
DA:818,0
DA:819,0
DA:820,0
DA:822,0
DA:823,0
DA:824,0
DA:825,0
DA:827,0
DA:828,0
DA:829,0
DA:830,0
DA:831,0
DA:832,0
DA:834,0
DA:835,0
DA:836,0
DA:837,0
DA:839,0
DA:840,0
DA:841,0
DA:842,0
DA:844,0
DA:845,0
DA:846,0
DA:847,0
DA:849,0
DA:851,0
DA:853,0
DA:854,0
DA:856,0
DA:863,0
DA:864,0
DA:865,0
DA:867,0
DA:882,0
DA:883,0
DA:884,0
DA:885,0
DA:886,0
DA:891,0
DA:892,0
DA:895,0
DA:896,0
DA:897,0
DA:898,0
DA:900,0
DA:902,0
DA:903,0
DA:905,0
DA:906,0
DA:907,0
DA:908,0
DA:909,0
DA:910,0
DA:912,0
DA:915,0
DA:917,0
DA:918,0
DA:919,0
DA:920,0
DA:924,0
DA:925,0
DA:926,0
DA:927,0
DA:930,0
DA:931,0
DA:933,0
DA:936,0
DA:940,0
DA:941,0
DA:942,0
DA:943,0
DA:944,0
DA:945,0
DA:946,0
DA:947,0
DA:948,0
DA:949,0
DA:950,0
DA:952,0
DA:954,0
DA:955,0
DA:956,0
DA:957,0
DA:960,0
DA:961,0
DA:963,0
DA:966,0
DA:968,0
DA:969,0
DA:970,0
DA:971,0
DA:973,0
DA:976,0
DA:977,0
DA:979,0
DA:980,0
DA:982,0
DA:983,0
DA:984,0
DA:985,0
DA:986,0
DA:987,0
DA:988,0
DA:989,0
DA:990,0
DA:991,0
DA:992,0
DA:993,0
DA:994,0
DA:995,0
DA:996,0
DA:997,0
DA:998,0
DA:1000,0
DA:1001,0
DA:1002,0
DA:1003,0
DA:1006,0
DA:1007,0
DA:1009,0
DA:1011,0
DA:1012,0
DA:1016,0
DA:1019,0
DA:1020,0
DA:1021,0
DA:1022,0
DA:1025,0
DA:1026,0
DA:1028,0
DA:1031,0
DA:1032,0
DA:1033,0
DA:1034,0
DA:1035,0
DA:1036,0
DA:1037,0
DA:1039,0
DA:1040,0
DA:1041,0
DA:1042,0
DA:1043,0
DA:1044,0
DA:1045,0
DA:1048,0
DA:1049,0
DA:1050,0
DA:1051,0
DA:1052,0
DA:1055,0
DA:1056,0
DA:1057,0
DA:1058,0
DA:1059,0
DA:1063,0
DA:1064,0
DA:1066,0
DA:1067,0
DA:1069,0
DA:1070,0
DA:1074,0
DA:1075,0
DA:1076,0
DA:1077,0
DA:1079,0
DA:1082,0
DA:1085,0
DA:1086,0
DA:1087,0
DA:1088,0
DA:1089,0
DA:1091,0
DA:1093,0
DA:1094,0
DA:1096,0
DA:1100,0
DA:1101,0
DA:1102,0
DA:1103,0
DA:1104,0
DA:1105,0
DA:1106,0
DA:1107,0
DA:1110,0
DA:1114,0
DA:1115,0
DA:1116,0
DA:1117,0
DA:1118,0
DA:1119,0
DA:1120,0
DA:1121,0
DA:1126,0
DA:1127,0
DA:1128,0
DA:1129,0
DA:1130,0
DA:1131,0
DA:1132,0
DA:1133,0
DA:1134,0
DA:1137,0
DA:1138,0
DA:1139,0
DA:1140,0
DA:1142,0
DA:1143,0
DA:1144,0
DA:1145,0
DA:1146,0
DA:1147,0
DA:1148,0
DA:1149,0
DA:1151,0
DA:1152,0
DA:1153,0
DA:1154,0
DA:1156,0
DA:1157,0
DA:1159,0
DA:1160,0
DA:1161,0
DA:1165,0
DA:1168,0
DA:1169,0
DA:1170,0
DA:1171,0
DA:1172,0
DA:1173,0
DA:1177,0
DA:1178,0
DA:1181,0
DA:1191,0
DA:1192,0
DA:1193,0
DA:1194,0
DA:1195,0
DA:1196,0
DA:1197,0
DA:1198,0
DA:1199,0
DA:1201,0
DA:1203,0
DA:1204,0
DA:1205,0
DA:1206,0
DA:1207,0
DA:1208,0
DA:1211,0
DA:1212,0
DA:1213,0
DA:1214,0
DA:1215,0
DA:1216,0
DA:1217,0
DA:1218,0
DA:1219,0
DA:1220,0
DA:1222,0
DA:1223,0
DA:1225,0
DA:1226,0
DA:1227,0
DA:1228,0
DA:1229,0
DA:1230,0
DA:1231,0
DA:1233,0
DA:1235,0
DA:1237,0
DA:1238,0
DA:1239,0
DA:1240,0
DA:1242,0
DA:1243,0
DA:1244,0
DA:1245,0
DA:1246,0
DA:1248,0
DA:1250,0
DA:1253,0
DA:1254,0
DA:1255,0
DA:1256,0
DA:1257,0
DA:1258,0
DA:1333,0
DA:1334,0
DA:1335,0
DA:1336,0
DA:1337,0
DA:1338,0
DA:1340,0
DA:1341,0
DA:1342,0
DA:1344,0
LF:856
LH:0
end_of_record
TN:
SF:/Users/starq1/codingz/rustProjz/coincube/coincube-gui/src/app/view/buysell/meld/mod.rs
FNF:0
DA:182,0
DA:183,0
DA:184,0
DA:185,0
DA:186,0
DA:187,0
DA:188,0
DA:189,0
DA:190,0
DA:191,0
DA:192,0
DA:193,0
DA:194,0
DA:195,0
DA:196,0
DA:197,0
DA:198,0
DA:199,0
DA:200,0
DA:201,0
DA:202,0
DA:203,0
DA:214,0
DA:215,0
DA:216,0
DA:217,0
DA:220,0
DA:227,0
DA:229,0
DA:232,0
DA:233,0
DA:234,0
DA:235,0
DA:236,0
DA:238,0
DA:241,0
DA:243,0
DA:245,0
DA:246,0
DA:247,0
DA:249,0
DA:252,0
DA:254,0
DA:257,0
DA:261,0
DA:262,0
DA:263,0
DA:264,0
DA:266,0
DA:268,0
DA:269,0
DA:270,0
DA:271,0
DA:272,0
DA:273,0
DA:274,0
DA:275,0
DA:278,0
DA:280,0
DA:281,0
DA:282,0
DA:283,0
DA:284,0
DA:285,0
DA:286,0
DA:287,0
DA:288,0
DA:289,0
DA:296,0
DA:297,0
DA:298,0
DA:299,0
DA:300,0
DA:301,0
DA:303,0
DA:304,0
DA:307,0
DA:308,0
DA:310,0
DA:311,0
DA:313,0
DA:317,0
DA:318,0
DA:319,0
DA:320,0
DA:321,0
DA:322,0
DA:324,0
DA:325,0
DA:326,0
DA:327,0
DA:328,0
DA:329,0
DA:330,0
DA:331,0
DA:332,0
DA:333,0
DA:339,0
DA:340,0
DA:341,0
DA:344,0
DA:345,0
DA:346,0
DA:347,0
DA:348,0
DA:349,0
DA:351,0
DA:354,0
DA:355,0
DA:356,0
DA:357,0
DA:358,0
DA:359,0
DA:360,0
DA:361,0
DA:362,0
DA:363,0
DA:366,0
DA:367,0
DA:370,0
DA:371,0
DA:377,0
DA:378,0
DA:379,0
DA:380,0
DA:381,0
DA:382,0
DA:384,0
DA:385,0
DA:388,0
DA:389,0
DA:390,0
DA:391,0
DA:393,0
DA:394,0
DA:395,0
DA:396,0
DA:397,0
DA:400,0
DA:401,0
DA:402,0
DA:403,0
DA:404,0
DA:406,0
DA:408,0
DA:409,0
DA:410,0
DA:411,0
DA:415,0
DA:416,0
DA:417,0
DA:418,0
DA:424,0
DA:428,0
DA:429,0
DA:430,0
DA:431,0
DA:432,0
DA:433,0
DA:434,0
DA:435,0
DA:436,0
DA:438,0
DA:439,0
DA:440,0
DA:441,0
DA:442,0
DA:444,0
DA:445,0
DA:448,0
DA:454,0
DA:455,0
DA:456,0
DA:457,0
DA:458,0
DA:460,0
DA:463,0
DA:464,0
DA:465,0
DA:466,0
DA:467,0
DA:468,0
DA:469,0
DA:470,0
DA:472,0
DA:473,0
DA:474,0
DA:475,0
DA:477,0
DA:478,0
DA:479,0
DA:483,0
DA:484,0
DA:485,0
DA:486,0
DA:487,0
DA:488,0
DA:494,0
DA:495,0
DA:497,0
DA:498,0
DA:499,0
DA:500,0
DA:502,0
DA:503,0
DA:504,0
DA:509,0
DA:511,0
DA:512,0
DA:513,0
DA:514,0
DA:515,0
DA:516,0
DA:517,0
DA:518,0
DA:519,0
DA:521,0
DA:522,0
DA:523,0
DA:524,0
DA:525,0
DA:529,0
DA:530,0
DA:531,0
DA:532,0
DA:533,0
DA:534,0
DA:535,0
DA:536,0
DA:537,0
DA:538,0
DA:539,0
DA:540,0
DA:541,0
DA:542,0
DA:543,0
DA:544,0
DA:548,0
DA:550,0
DA:552,0
DA:553,0
DA:554,0
DA:557,0
DA:558,0
DA:559,0
DA:560,0
DA:561,0
DA:562,0
DA:563,0
DA:564,0
DA:565,0
DA:566,0
DA:568,0
DA:569,0
DA:570,0
DA:571,0
DA:572,0
DA:573,0
DA:574,0
DA:575,0
DA:579,0
DA:580,0
DA:582,0
DA:583,0
DA:584,0
DA:585,0
DA:586,0
DA:587,0
DA:588,0
DA:589,0
DA:590,0
DA:591,0
DA:594,0
DA:595,0
DA:598,0
DA:600,0
DA:601,0
DA:605,0
DA:607,0
DA:609,0
DA:610,0
DA:611,0
DA:612,0
DA:614,0
DA:615,0
DA:616,0
DA:617,0
DA:618,0
DA:619,0
DA:623,0
DA:625,0
DA:626,0
DA:627,0
DA:629,0
DA:630,0
DA:631,0
DA:632,0
DA:636,0
DA:638,0
DA:639,0
DA:640,0
DA:644,0
DA:646,0
DA:647,0
DA:648,0
DA:649,0
DA:650,0
DA:657,0
DA:658,0
DA:659,0
DA:660,0
DA:662,0
DA:666,0
DA:667,0
DA:668,0
DA:669,0
DA:670,0
DA:671,0
DA:673,0
DA:675,0
DA:676,0
DA:677,0
DA:682,0
DA:683,0
DA:684,0
DA:685,0
DA:689,0
DA:690,0
DA:691,0
DA:693,0
DA:694,0
DA:697,0
DA:698,0
DA:699,0
DA:700,0
DA:701,0
DA:703,0
DA:704,0
DA:705,0
DA:706,0
DA:707,0
DA:708,0
DA:709,0
DA:712,0
DA:713,0
DA:715,0
DA:716,0
DA:717,0
DA:720,0
DA:722,0
DA:725,0
DA:727,0
DA:728,0
DA:729,0
DA:733,0
DA:734,0
DA:735,0
DA:737,0
DA:740,0
DA:741,0
DA:746,0
DA:747,0
DA:748,0
DA:749,0
DA:750,0
DA:754,0
DA:755,0
DA:756,0
DA:758,0
DA:761,0
DA:762,0
DA:763,0
DA:764,0
DA:765,0
DA:768,0
DA:769,0
DA:770,0
DA:771,0
DA:772,0
DA:778,0
DA:780,0
DA:781,0
DA:783,0
DA:784,0
DA:786,0
DA:787,0
DA:788,0
DA:789,0
DA:792,0
DA:793,0
DA:796,0
DA:797,0
DA:798,0
DA:800,0
DA:801,0
DA:802,0
DA:803,0
DA:804,0
DA:806,0
DA:807,0
DA:808,0
DA:809,0
DA:812,0
DA:816,0
DA:819,0
DA:820,0
DA:821,0
DA:824,0
DA:825,0
DA:826,0
DA:831,0
DA:832,0
DA:835,0
DA:836,0
DA:838,0
DA:841,0
DA:843,0
DA:844,0
DA:845,0
DA:846,0
DA:847,0
DA:851,0
DA:853,0
DA:854,0
DA:855,0
DA:859,0
DA:860,0
DA:862,0
DA:863,0
DA:870,0
LF:430
LH:0
end_of_record
TN:
SF:/Users/starq1/codingz/rustProjz/coincube/coincube-gui/src/app/view/buysell/meld/ui.rs
FN:11,not_supported_ux
FNF:1
FNDA:0,not_supported_ux
DA:11,0
DA:12,0
DA:13,0
DA:14,0
DA:15,0
DA:16,0
DA:17,0
DA:18,0
DA:19,0
DA:20,0
DA:21,0
DA:22,0
DA:23,0
DA:25,0
DA:27,0
DA:28,0
DA:29,0
DA:67,0
DA:68,0
DA:69,0
DA:70,0
DA:71,0
DA:72,0
DA:77,0
DA:78,0
DA:81,0
DA:83,0
DA:84,0
DA:85,0
DA:86,0
DA:88,0
DA:89,0
DA:90,0
DA:91,0
DA:92,0
DA:94,0
DA:98,0
DA:99,0
DA:100,0
DA:101,0
DA:102,0
DA:104,0
DA:108,0
DA:109,0
DA:110,0
DA:111,0
DA:112,0
DA:113,0
DA:115,0
DA:119,0
DA:122,0
DA:123,0
DA:124,0
DA:125,0
DA:131,0
DA:132,0
DA:133,0
DA:134,0
DA:137,0
DA:138,0
DA:139,0
DA:140,0
DA:141,0
DA:142,0
DA:143,0
DA:144,0
DA:146,0
DA:148,0
DA:149,0
DA:150,0
DA:152,0
DA:154,0
DA:155,0
DA:156,0
DA:157,0
DA:161,0
DA:162,0
DA:163,0
DA:164,0
DA:165,0
DA:166,0
DA:167,0
DA:168,0
DA:169,0
DA:170,0
DA:171,0
DA:172,0
DA:174,0
DA:175,0
DA:176,0
DA:177,0
DA:178,0
DA:179,0
DA:180,0
DA:181,0
DA:182,0
DA:185,0
DA:186,0
DA:187,0
DA:189,0
DA:190,0
DA:191,0
DA:192,0
DA:193,0
DA:194,0
DA:195,0
DA:197,0
DA:200,0
DA:201,0
DA:202,0
DA:205,0
DA:206,0
DA:207,0
DA:208,0
DA:212,0
DA:213,0
DA:214,0
DA:215,0
DA:216,0
DA:218,0
DA:219,0
DA:220,0
DA:221,0
DA:222,0
DA:223,0
DA:224,0
DA:225,0
DA:228,0
DA:236,0
DA:237,0
DA:238,0
DA:239,0
DA:240,0
DA:241,0
DA:242,0
DA:243,0
DA:244,0
DA:250,0
DA:251,0
DA:254,0
DA:255,0
DA:256,0
DA:257,0
DA:258,0
DA:259,0
DA:260,0
DA:263,0
DA:264,0
DA:267,0
DA:268,0
DA:269,0
DA:270,0
DA:272,0
DA:273,0
DA:274,0
DA:275,0
DA:276,0
DA:277,0
DA:279,0
DA:280,0
DA:282,0
DA:283,0
DA:285,0
DA:288,0
DA:289,0
DA:290,0
DA:291,0
DA:292,0
DA:293,0
DA:295,0
DA:297,0
DA:298,0
DA:300,0
DA:302,0
DA:303,0
DA:305,0
DA:306,0
DA:307,0
DA:310,0
DA:312,0
DA:313,0
DA:314,0
DA:315,0
DA:316,0
DA:317,0
DA:318,0
DA:319,0
DA:321,0
DA:323,0
DA:324,0
DA:326,0
DA:327,0
DA:328,0
DA:329,0
DA:333,0
DA:334,0
DA:335,0
DA:336,0
DA:337,0
DA:338,0
DA:339,0
DA:342,0
DA:343,0
DA:345,0
DA:346,0
DA:348,0
DA:349,0
DA:351,0
DA:352,0
DA:353,0
DA:358,0
DA:359,0
DA:360,0
DA:361,0
DA:362,0
DA:368,0
DA:369,0
DA:373,0
DA:374,0
DA:375,0
DA:376,0
DA:377,0
DA:378,0
DA:379,0
DA:380,0
DA:382,0
DA:383,0
DA:384,0
DA:385,0
DA:386,0
DA:389,0
DA:390,0
DA:391,0
DA:392,0
DA:393,0
DA:394,0
DA:395,0
DA:398,0
DA:399,0
DA:401,0
DA:402,0
DA:404,0
DA:405,0
DA:406,0
DA:408,0
DA:410,0
DA:414,0
DA:417,0
DA:418,0
DA:421,0
DA:422,0
DA:423,0
DA:424,0
DA:425,0
DA:427,0
DA:428,0
DA:429,0
DA:430,0
DA:431,0
DA:432,0
DA:433,0
DA:434,0
DA:436,0
DA:437,0
DA:438,0
DA:439,0
DA:440,0
DA:441,0
DA:444,0
DA:445,0
DA:446,0
DA:447,0
DA:449,0
DA:450,0
DA:451,0
DA:452,0
DA:454,0
DA:456,0
DA:458,0
DA:459,0
DA:460,0
DA:461,0
DA:462,0
DA:463,0
DA:466,0
DA:467,0
DA:468,0
DA:470,0
DA:471,0
DA:473,0
DA:474,0
DA:475,0
DA:476,0
DA:479,0
DA:480,0
DA:481,0
DA:482,0
DA:483,0
DA:484,0
DA:485,0
DA:486,0
DA:489,0
DA:490,0
DA:491,0
DA:492,0
DA:494,0
DA:495,0
DA:496,0
DA:497,0
DA:499,0
DA:501,0
DA:502,0
DA:503,0
DA:505,0
DA:506,0
DA:507,0
DA:508,0
DA:512,0
DA:513,0
DA:514,0
DA:515,0
DA:518,0
DA:520,0
DA:523,0
DA:525,0
DA:526,0
DA:527,0
DA:528,0
DA:529,0
DA:530,0
DA:544,0
DA:546,0
DA:547,0
DA:549,0
DA:550,0
DA:551,0
DA:552,0
DA:553,0
DA:554,0
DA:557,0
DA:558,0
DA:559,0
DA:560,0
DA:561,0
DA:562,0
DA:565,0
DA:567,0
DA:568,0
DA:570,0
DA:571,0
DA:572,0
DA:574,0
DA:575,0
DA:576,0
DA:577,0
DA:578,0
DA:579,0
DA:580,0
DA:581,0
DA:582,0
DA:583,0
DA:584,0
DA:587,0
DA:589,0
DA:590,0
DA:591,0
DA:592,0
DA:593,0
DA:594,0
DA:595,0
DA:596,0
DA:597,0
DA:598,0
DA:600,0
DA:603,0
DA:604,0
DA:606,0
DA:608,0
DA:609,0
DA:610,0
DA:611,0
DA:612,0
DA:613,0
DA:614,0
DA:615,0
DA:616,0
DA:618,0
DA:619,0
DA:620,0
DA:621,0
DA:622,0
DA:623,0
DA:628,0
DA:629,0
DA:630,0
DA:633,0
DA:635,0
DA:636,0
DA:638,0
DA:639,0
DA:641,0
DA:642,0
DA:643,0
DA:644,0
DA:645,0
DA:647,0
DA:648,0
DA:649,0
DA:650,0
DA:651,0
DA:652,0
DA:653,0
DA:656,0
DA:657,0
DA:658,0
DA:659,0
DA:660,0
DA:661,0
DA:665,0
DA:666,0
DA:667,0
DA:668,0
DA:669,0
DA:670,0
DA:671,0
DA:672,0
DA:673,0
DA:674,0
DA:677,0
DA:683,0
DA:684,0
DA:692,0
DA:694,0
DA:695,0
DA:696,0
DA:697,0
DA:698,0
DA:700,0
DA:701,0
DA:702,0
DA:703,0
DA:705,0
DA:707,0
DA:708,0
DA:709,0
DA:710,0
DA:711,0
DA:712,0
DA:713,0
DA:714,0
DA:715,0
DA:716,0
DA:717,0
DA:718,0
DA:719,0
DA:722,0
DA:724,0
DA:725,0
DA:726,0
DA:729,0
DA:730,0
DA:733,0
DA:735,0
DA:736,0
DA:737,0
DA:741,0
DA:742,0
DA:744,0
DA:745,0
DA:746,0
DA:747,0
DA:748,0
DA:749,0
DA:750,0
DA:751,0
DA:752,0
DA:754,0
DA:756,0
DA:757,0
DA:758,0
DA:759,0
DA:760,0
DA:762,0
DA:763,0
DA:766,0
DA:767,0
DA:768,0
DA:772,0
DA:773,0
DA:774,0
DA:775,0
DA:776,0
DA:777,0
DA:778,0
DA:779,0
DA:780,0
DA:781,0
DA:782,0
DA:783,0
DA:784,0
DA:785,0
DA:786,0
DA:787,0
DA:788,0
DA:789,0
DA:790,0
DA:791,0
DA:792,0
DA:795,0
DA:796,0
DA:797,0
DA:798,0
DA:799,0
DA:807,0
DA:808,0
DA:815,0
DA:816,0
DA:817,0
DA:818,0
DA:819,0
DA:820,0
DA:821,0
DA:822,0
DA:823,0
DA:824,0
DA:825,0
DA:826,0
DA:827,0
DA:828,0
DA:829,0
DA:830,0
DA:831,0
DA:832,0
DA:834,0
DA:837,0
DA:838,0
DA:841,0
DA:842,0
DA:843,0
DA:844,0
DA:845,0
DA:846,0
DA:847,0
DA:848,0
DA:849,0
DA:851,0
DA:852,0
DA:853,0
DA:854,0
DA:855,0
DA:857,0
DA:858,0
DA:863,0
LF:553
LH:0
end_of_record
TN:
SF:/Users/starq1/codingz/rustProjz/coincube/coincube-gui/src/app/view/buysell/panel.rs
FNF:0
DA:116,0
DA:117,0
DA:118,0
DA:121,0
DA:122,0
DA:123,0
DA:124,0
DA:125,0
DA:128,0
DA:130,0
DA:131,0
DA:132,0
DA:134,0
DA:135,0
DA:138,0
DA:141,0
DA:144,0
DA:145,0
DA:147,0
DA:150,0
DA:151,0
DA:152,0
DA:153,0
DA:160,0
DA:168,0
DA:170,0
DA:172,0
DA:173,0
DA:174,0
DA:175,0
DA:176,0
DA:177,0
DA:178,0
DA:179,0
DA:180,0
DA:181,0
DA:182,0
DA:184,0
DA:187,0
DA:188,0
DA:190,0
DA:191,0
DA:192,0
DA:194,0
DA:195,0
DA:196,0
DA:199,0
DA:201,0
DA:202,0
DA:204,0
DA:205,0
DA:206,0
DA:207,0
DA:208,0
DA:209,0
DA:211,0
DA:212,0
DA:214,0
DA:215,0
DA:216,0
DA:218,0
DA:219,0
DA:221,0
DA:222,0
DA:224,0
DA:227,0
DA:229,0
DA:230,0
DA:233,0
DA:241,0
DA:243,0
DA:245,0
DA:246,0
DA:247,0
DA:248,0
DA:249,0
DA:250,0
DA:251,0
DA:252,0
DA:253,0
DA:254,0
DA:255,0
DA:257,0
DA:260,0
DA:261,0
DA:263,0
DA:264,0
DA:265,0
DA:268,0
DA:270,0
DA:272,0
DA:277,0
DA:279,0
DA:280,0
DA:281,0
DA:282,0
DA:283,0
DA:284,0
DA:285,0
DA:287,0
DA:288,0
DA:289,0
DA:291,0
DA:293,0
DA:294,0
DA:295,0
DA:296,0
DA:298,0
DA:299,0
DA:300,0
DA:302,0
DA:303,0
DA:304,0
DA:305,0
DA:306,0
DA:308,0
DA:309,0
DA:310,0
DA:311,0
DA:313,0
DA:316,0
DA:326,0
DA:327,0
DA:328,0
DA:329,0
DA:330,0
DA:331,0
DA:332,0
DA:338,0
DA:340,0
DA:341,0
DA:342,0
DA:343,0
DA:344,0
DA:345,0
DA:346,0
DA:348,0
DA:349,0
DA:351,0
DA:354,0
DA:355,0
DA:358,0
DA:359,0
DA:361,0
DA:364,0
DA:365,0
DA:366,0
DA:371,0
DA:373,0
DA:374,0
DA:375,0
DA:376,0
DA:377,0
DA:378,0
DA:379,0
DA:380,0
DA:381,0
DA:382,0
DA:383,0
DA:385,0
DA:388,0
DA:389,0
DA:391,0
DA:392,0
DA:393,0
DA:396,0
DA:397,0
DA:398,0
DA:403,0
DA:404,0
DA:405,0
DA:407,0
DA:408,0
DA:409,0
DA:410,0
DA:411,0
DA:412,0
DA:414,0
DA:415,0
DA:417,0
DA:418,0
DA:419,0
DA:422,0
DA:423,0
DA:424,0
DA:428,0
DA:429,0
DA:430,0
DA:431,0
DA:433,0
DA:435,0
DA:436,0
DA:437,0
DA:438,0
DA:439,0
DA:440,0
DA:441,0
DA:442,0
DA:443,0
DA:444,0
DA:446,0
DA:449,0
DA:451,0
DA:452,0
DA:455,0
DA:460,0
DA:462,0
DA:463,0
DA:464,0
DA:465,0
DA:467,0
DA:468,0
DA:469,0
DA:470,0
DA:473,0
DA:474,0
DA:475,0
DA:476,0
DA:477,0
DA:479,0
DA:480,0
DA:481,0
DA:482,0
DA:485,0
DA:486,0
DA:488,0
DA:489,0
DA:491,0
DA:492,0
DA:493,0
DA:495,0
DA:497,0
DA:498,0
DA:499,0
DA:500,0
DA:501,0
DA:502,0
DA:503,0
DA:504,0
DA:506,0
DA:509,0
DA:510,0
DA:511,0
DA:512,0
DA:513,0
DA:514,0
DA:516,0
DA:519,0
DA:522,0
DA:526,0
DA:531,0
DA:532,0
DA:534,0
DA:535,0
DA:536,0
DA:537,0
DA:538,0
DA:539,0
DA:540,0
DA:541,0
DA:542,0
DA:545,0
DA:546,0
DA:548,0
DA:549,0
DA:550,0
DA:551,0
DA:552,0
DA:553,0
DA:555,0
DA:556,0
DA:557,0
DA:559,0
DA:562,0
DA:565,0
DA:566,0
LF:276
LH:0
end_of_record
TN:
SF:/Users/starq1/codingz/rustProjz/coincube/coincube-gui/src/app/view/connect/contacts.rs
FN:21,contacts_ux
FN:33,contacts_list_ux
FN:185,invite_card
FN:228,expiry_element
FNF:4
FNDA:0,contacts_ux
FNDA:0,contacts_list_ux
FNDA:0,invite_card
FNDA:0,expiry_element
DA:21,0
DA:22,0
DA:23,0
DA:24,0
DA:25,0
DA:33,0
DA:34,0
DA:36,0
DA:38,0
DA:39,0
DA:40,0
DA:41,0
DA:43,0
DA:45,0
DA:46,0
DA:47,0
DA:49,0
DA:51,0
DA:53,0
DA:54,0
DA:55,0
DA:57,0
DA:60,0
DA:61,0
DA:62,0
DA:63,0
DA:64,0
DA:66,0
DA:71,0
DA:72,0
DA:73,0
DA:74,0
DA:75,0
DA:76,0
DA:77,0
DA:79,0
DA:85,0
DA:86,0
DA:90,0
DA:93,0
DA:94,0
DA:95,0
DA:97,0
DA:98,0
DA:99,0
DA:101,0
DA:105,0
DA:106,0
DA:108,0
DA:109,0
DA:110,0
DA:111,0
DA:112,0
DA:113,0
DA:114,0
DA:115,0
DA:116,0
DA:117,0
DA:119,0
DA:120,0
DA:121,0
DA:123,0
DA:124,0
DA:125,0
DA:127,0
DA:128,0
DA:130,0
DA:131,0
DA:132,0
DA:134,0
DA:135,0
DA:136,0
DA:142,0
DA:144,0
DA:146,0
DA:147,0
DA:148,0
DA:149,0
DA:150,0
DA:151,0
DA:152,0
DA:153,0
DA:154,0
DA:155,0
DA:157,0
DA:160,0
DA:162,0
DA:163,0
DA:164,0
DA:165,0
DA:167,0
DA:168,0
DA:170,0
DA:171,0
DA:172,0
DA:173,0
DA:175,0
DA:177,0
DA:178,0
DA:182,0
DA:185,0
DA:186,0
DA:187,0
DA:189,0
DA:190,0
DA:192,0
DA:193,0
DA:194,0
DA:195,0
DA:196,0
DA:200,0
DA:201,0
DA:203,0
DA:204,0
DA:207,0
DA:209,0
DA:210,0
DA:213,0
DA:216,0
DA:217,0
DA:218,0
DA:219,0
DA:220,0
DA:221,0
DA:223,0
DA:224,0
DA:228,0
DA:229,0
DA:230,0
DA:231,0
DA:232,0
DA:234,0
DA:235,0
DA:237,0
DA:238,0
DA:240,0
DA:241,0
DA:255,0
DA:256,0
DA:259,0
DA:260,0
DA:261,0
DA:262,0
DA:263,0
DA:264,0
DA:266,0
DA:267,0
DA:269,0
DA:270,0
DA:272,0
DA:273,0
DA:277,0
DA:278,0
DA:279,0
DA:280,0
DA:281,0
DA:283,0
DA:284,0
DA:285,0
DA:286,0
DA:287,0
DA:289,0
DA:290,0
DA:291,0
DA:293,0
DA:295,0
DA:296,0
DA:297,0
DA:299,0
DA:300,0
DA:301,0
DA:304,0
DA:305,0
DA:306,0
DA:308,0
DA:312,0
DA:313,0
DA:314,0
DA:315,0
DA:316,0
DA:317,0
DA:318,0
DA:320,0
DA:321,0
DA:322,0
DA:324,0
DA:325,0
DA:327,0
DA:328,0
DA:330,0
DA:331,0
DA:332,0
DA:333,0
DA:334,0
DA:335,0
DA:338,0
DA:340,0
DA:341,0
DA:342,0
DA:343,0
DA:346,0
DA:354,0
DA:355,0
DA:356,0
DA:357,0
DA:361,0
DA:362,0
DA:363,0
DA:377,0
DA:380,0
DA:381,0
DA:382,0
DA:383,0
DA:384,0
DA:385,0
DA:387,0
DA:388,0
DA:390,0
DA:391,0
DA:395,0
DA:397,0
DA:398,0
DA:399,0
DA:400,0
DA:401,0
DA:402,0
DA:403,0
DA:406,0
DA:407,0
DA:413,0
DA:414,0
DA:415,0
DA:417,0
DA:418,0
DA:419,0
DA:420,0
DA:421,0
DA:422,0
DA:423,0
DA:424,0
DA:425,0
DA:426,0
DA:428,0
DA:431,0
DA:432,0
DA:433,0
DA:434,0
DA:435,0
DA:436,0
DA:438,0
DA:439,0
DA:440,0
DA:441,0
DA:442,0
DA:443,0
DA:445,0
DA:449,0
DA:450,0
DA:451,0
DA:452,0
DA:453,0
DA:454,0
DA:455,0
DA:456,0
DA:457,0
DA:458,0
DA:459,0
DA:461,0
DA:462,0
DA:465,0
DA:466,0
DA:468,0
DA:469,0
DA:470,0
DA:471,0
DA:473,0
DA:475,0
DA:477,0
DA:478,0
DA:482,0
DA:483,0
DA:485,0
DA:486,0
DA:488,0
DA:489,0
DA:490,0
DA:491,0
DA:492,0
DA:493,0
DA:494,0
DA:495,0
DA:496,0
DA:497,0
DA:498,0
DA:499,0
DA:500,0
DA:501,0
DA:502,0
DA:503,0
DA:504,0
DA:506,0
DA:507,0
DA:508,0
DA:509,0
DA:510,0
DA:512,0
DA:516,0
DA:517,0
DA:519,0
DA:523,0
DA:524,0
DA:525,0
DA:526,0
DA:527,0
DA:528,0
DA:529,0
DA:531,0
DA:532,0
DA:533,0
DA:536,0
LF:320
LH:0
end_of_record
TN:
SF:/Users/starq1/codingz/rustProjz/coincube/coincube-gui/src/app/view/connect/mod.rs
FN:37,connect_panel
FN:122,connect_account_panel
FNF:2
FNDA:0,connect_panel
FNDA:0,connect_account_panel
DA:37,0
DA:38,0
DA:39,0
DA:41,0
DA:42,0
DA:43,0
DA:44,0
DA:46,0
DA:47,0
DA:48,0
DA:49,0
DA:52,0
DA:53,0
DA:56,0
DA:57,0
DA:60,0
DA:61,0
DA:62,0
DA:63,0
DA:64,0
DA:65,0
DA:66,0
DA:68,0
DA:69,0
DA:70,0
DA:71,0
DA:73,0
DA:74,0
DA:75,0
DA:76,0
DA:77,0
DA:78,0
DA:80,0
DA:84,0
DA:85,0
DA:86,0
DA:88,0
DA:91,0
DA:92,0
DA:93,0
DA:95,0
DA:96,0
DA:98,0
DA:99,0
DA:100,0
DA:101,0
DA:102,0
DA:103,0
DA:104,0
DA:105,0
DA:106,0
DA:107,0
DA:109,0
DA:114,0
DA:122,0
DA:123,0
DA:124,0
DA:125,0
DA:127,0
DA:128,0
DA:129,0
DA:130,0
DA:132,0
DA:133,0
DA:134,0
DA:135,0
DA:136,0
DA:137,0
DA:138,0
DA:139,0
DA:140,0
DA:141,0
DA:142,0
DA:143,0
DA:144,0
DA:145,0
DA:146,0
DA:148,0
DA:150,0
DA:151,0
DA:157,0
DA:158,0
DA:159,0
DA:161,0
DA:164,0
DA:165,0
DA:166,0
DA:168,0
DA:169,0
DA:171,0
DA:172,0
DA:173,0
DA:174,0
DA:175,0
DA:176,0
DA:177,0
DA:178,0
DA:179,0
DA:180,0
DA:182,0
DA:187,0
DA:202,0
DA:203,0
DA:205,0
DA:207,0
DA:208,0
DA:209,0
DA:211,0
DA:212,0
DA:213,0
DA:216,0
DA:217,0
DA:218,0
DA:222,0
DA:223,0
DA:224,0
DA:226,0
DA:227,0
DA:228,0
DA:229,0
DA:230,0
DA:232,0
DA:233,0
DA:234,0
DA:236,0
DA:237,0
DA:238,0
DA:240,0
DA:241,0
DA:243,0
DA:246,0
DA:250,0
DA:251,0
DA:253,0
DA:255,0
DA:256,0
DA:257,0
DA:259,0
DA:260,0
DA:261,0
DA:264,0
DA:265,0
DA:266,0
DA:270,0
DA:272,0
DA:273,0
DA:274,0
DA:275,0
DA:276,0
DA:277,0
DA:278,0
DA:280,0
DA:281,0
DA:283,0
DA:284,0
DA:286,0
DA:287,0
DA:289,0
DA:291,0
DA:292,0
DA:293,0
DA:294,0
DA:296,0
DA:297,0
DA:299,0
DA:300,0
DA:301,0
DA:304,0
DA:314,0
DA:316,0
DA:318,0
DA:319,0
DA:320,0
DA:322,0
DA:323,0
DA:324,0
DA:327,0
DA:328,0
DA:329,0
DA:333,0
DA:334,0
DA:335,0
DA:337,0
DA:339,0
DA:341,0
DA:342,0
DA:343,0
DA:344,0
DA:346,0
DA:347,0
DA:348,0
DA:349,0
DA:350,0
DA:352,0
DA:353,0
DA:354,0
DA:356,0
DA:357,0
DA:358,0
DA:359,0
DA:360,0
DA:362,0
DA:363,0
DA:364,0
DA:365,0
DA:367,0
DA:370,0
DA:374,0
DA:375,0
DA:376,0
DA:377,0
DA:379,0
DA:381,0
DA:382,0
DA:384,0
DA:385,0
DA:387,0
DA:388,0
DA:390,0
DA:393,0
DA:394,0
DA:395,0
DA:397,0
DA:398,0
DA:399,0
DA:400,0
DA:401,0
DA:402,0
DA:403,0
DA:404,0
DA:406,0
DA:407,0
DA:408,0
DA:409,0
DA:410,0
DA:411,0
DA:412,0
DA:414,0
DA:415,0
DA:416,0
DA:417,0
DA:418,0
DA:419,0
DA:420,0
DA:422,0
DA:423,0
DA:424,0
DA:426,0
DA:427,0
DA:429,0
DA:430,0
DA:431,0
DA:432,0
DA:433,0
DA:434,0
DA:436,0
DA:438,0
DA:441,0
DA:455,0
DA:456,0
DA:457,0
DA:459,0
DA:460,0
DA:462,0
DA:467,0
DA:468,0
DA:469,0
DA:471,0
DA:472,0
DA:474,0
DA:477,0
DA:478,0
DA:480,0
DA:481,0
DA:482,0
DA:484,0
DA:486,0
DA:487,0
DA:489,0
DA:490,0
DA:491,0
DA:493,0
DA:495,0
DA:496,0
DA:497,0
DA:498,0
DA:499,0
DA:502,0
DA:503,0
DA:504,0
DA:505,0
DA:506,0
DA:518,0
DA:519,0
DA:520,0
DA:522,0
DA:523,0
DA:524,0
DA:525,0
DA:526,0
DA:527,0
DA:529,0
DA:530,0
DA:531,0
DA:532,0
DA:534,0
DA:536,0
DA:537,0
DA:538,0
DA:539,0
DA:540,0
DA:545,0
DA:546,0
DA:547,0
DA:548,0
DA:549,0
DA:550,0
DA:551,0
DA:552,0
DA:554,0
DA:556,0
DA:557,0
DA:558,0
DA:559,0
DA:560,0
DA:561,0
DA:562,0
DA:564,0
DA:565,0
DA:566,0
DA:569,0
DA:570,0
DA:571,0
DA:572,0
DA:573,0
DA:574,0
DA:575,0
DA:577,0
DA:578,0
DA:579,0
DA:585,0
DA:586,0
DA:587,0
DA:588,0
DA:589,0
DA:591,0
DA:592,0
DA:593,0
DA:594,0
DA:596,0
DA:598,0
DA:599,0
DA:600,0
DA:601,0
DA:603,0
DA:605,0
DA:606,0
DA:607,0
DA:610,0
DA:611,0
DA:612,0
DA:613,0
DA:614,0
DA:615,0
DA:616,0
DA:617,0
DA:618,0
DA:620,0
DA:621,0
DA:622,0
DA:625,0
DA:627,0
DA:628,0
DA:630,0
DA:631,0
DA:632,0
DA:633,0
DA:634,0
DA:635,0
DA:636,0
DA:638,0
DA:640,0
DA:641,0
DA:643,0
DA:645,0
DA:647,0
DA:651,0
DA:652,0
DA:653,0
DA:654,0
DA:655,0
DA:656,0
DA:658,0
DA:659,0
DA:660,0
DA:661,0
DA:662,0
DA:663,0
DA:665,0
DA:667,0
DA:668,0
DA:669,0
DA:670,0
DA:671,0
DA:672,0
DA:674,0
DA:676,0
DA:679,0
DA:687,0
DA:688,0
DA:689,0
DA:691,0
DA:692,0
DA:693,0
DA:696,0
DA:697,0
DA:698,0
DA:700,0
DA:702,0
DA:704,0
DA:705,0
DA:706,0
DA:707,0
DA:708,0
DA:711,0
DA:712,0
DA:713,0
DA:714,0
DA:715,0
DA:717,0
DA:721,0
DA:722,0
DA:724,0
DA:726,0
DA:727,0
DA:728,0
DA:729,0
DA:730,0
DA:731,0
DA:733,0
DA:734,0
DA:735,0
DA:736,0
DA:738,0
DA:740,0
DA:741,0
DA:744,0
DA:747,0
DA:748,0
DA:749,0
DA:750,0
DA:751,0
DA:752,0
DA:754,0
DA:755,0
DA:756,0
DA:757,0
DA:759,0
DA:761,0
DA:762,0
DA:765,0
DA:768,0
DA:769,0
DA:770,0
DA:771,0
DA:773,0
DA:776,0
DA:779,0
DA:780,0
DA:783,0
DA:784,0
DA:785,0
DA:786,0
DA:787,0
DA:792,0
DA:793,0
DA:794,0
DA:795,0
DA:796,0
DA:797,0
DA:801,0
DA:802,0
DA:803,0
DA:805,0
DA:806,0
DA:807,0
DA:808,0
DA:809,0
DA:810,0
DA:812,0
DA:813,0
DA:814,0
DA:815,0
DA:816,0
DA:820,0
DA:821,0
DA:822,0
DA:823,0
DA:824,0
DA:825,0
DA:826,0
DA:827,0
DA:831,0
DA:832,0
DA:833,0
DA:834,0
DA:835,0
DA:836,0
DA:837,0
DA:838,0
DA:843,0
DA:848,0
DA:849,0
DA:851,0
DA:852,0
DA:853,0
DA:854,0
DA:856,0
DA:857,0
DA:858,0
DA:860,0
DA:862,0
DA:863,0
DA:864,0
DA:866,0
DA:867,0
DA:869,0
DA:870,0
DA:871,0
DA:872,0
DA:873,0
DA:874,0
DA:876,0
DA:877,0
DA:878,0
DA:879,0
DA:880,0
DA:882,0
DA:884,0
DA:886,0
DA:887,0
DA:889,0
DA:891,0
DA:893,0
DA:894,0
DA:895,0
DA:896,0
DA:897,0
DA:898,0
DA:899,0
DA:900,0
DA:901,0
DA:903,0
DA:905,0
DA:906,0
DA:908,0
DA:909,0
DA:910,0
DA:911,0
DA:912,0
DA:914,0
DA:915,0
DA:917,0
DA:918,0
DA:919,0
DA:920,0
DA:921,0
DA:922,0
DA:924,0
DA:926,0
DA:928,0
DA:933,0
DA:936,0
DA:937,0
DA:938,0
DA:939,0
DA:941,0
DA:942,0
DA:944,0
DA:945,0
DA:946,0
DA:947,0
DA:948,0
DA:949,0
DA:950,0
DA:951,0
DA:952,0
DA:953,0
DA:954,0
DA:957,0
DA:961,0
DA:962,0
DA:963,0
DA:965,0
DA:966,0
DA:968,0
DA:969,0
DA:970,0
DA:971,0
DA:972,0
DA:973,0
DA:974,0
DA:975,0
DA:976,0
DA:977,0
DA:978,0
DA:979,0
DA:980,0
DA:981,0
DA:984,0
DA:988,0
DA:989,0
DA:990,0
DA:992,0
DA:993,0
DA:994,0
DA:995,0
DA:996,0
DA:997,0
DA:998,0
DA:1000,0
DA:1001,0
DA:1003,0
DA:1005,0
DA:1006,0
DA:1007,0
DA:1008,0
DA:1009,0
DA:1010,0
DA:1011,0
DA:1013,0
DA:1014,0
DA:1017,0
DA:1021,0
DA:1022,0
DA:1023,0
DA:1025,0
DA:1028,0
DA:1030,0
DA:1031,0
DA:1033,0
DA:1035,0
DA:1036,0
DA:1040,0
DA:1041,0
DA:1042,0
DA:1043,0
DA:1044,0
DA:1045,0
DA:1046,0
DA:1047,0
DA:1048,0
DA:1049,0
DA:1050,0
DA:1052,0
DA:1054,0
DA:1055,0
DA:1056,0
DA:1057,0
DA:1058,0
DA:1059,0
DA:1060,0
DA:1062,0
DA:1064,0
DA:1066,0
DA:1067,0
DA:1068,0
DA:1069,0
DA:1070,0
DA:1072,0
DA:1074,0
DA:1075,0
DA:1077,0
DA:1078,0
DA:1082,0
DA:1083,0
DA:1084,0
DA:1085,0
DA:1088,0
DA:1089,0
DA:1090,0
DA:1091,0
DA:1092,0
DA:1093,0
DA:1094,0
DA:1095,0
DA:1096,0
DA:1100,0
DA:1103,0
DA:1105,0
DA:1106,0
DA:1107,0
DA:1109,0
DA:1110,0
DA:1111,0
DA:1114,0
DA:1115,0
DA:1116,0
DA:1121,0
DA:1122,0
DA:1123,0
DA:1124,0
DA:1125,0
DA:1126,0
DA:1128,0
DA:1130,0
DA:1131,0
DA:1132,0
DA:1133,0
DA:1134,0
DA:1135,0
DA:1136,0
DA:1137,0
DA:1139,0
DA:1140,0
DA:1142,0
DA:1143,0
DA:1144,0
DA:1145,0
DA:1147,0
DA:1149,0
DA:1150,0
DA:1151,0
DA:1152,0
DA:1153,0
DA:1154,0
DA:1155,0
DA:1156,0
DA:1157,0
DA:1158,0
DA:1159,0
DA:1160,0
DA:1161,0
DA:1162,0
DA:1163,0
DA:1166,0
DA:1168,0
DA:1169,0
DA:1171,0
DA:1172,0
DA:1176,0
DA:1177,0
DA:1178,0
DA:1179,0
DA:1181,0
DA:1185,0
DA:1186,0
DA:1187,0
DA:1188,0
DA:1190,0
DA:1191,0
DA:1192,0
DA:1193,0
DA:1194,0
DA:1195,0
DA:1196,0
DA:1198,0
DA:1200,0
DA:1201,0
DA:1202,0
DA:1203,0
DA:1205,0
DA:1206,0
DA:1208,0
DA:1209,0
DA:1212,0
DA:1216,0
DA:1217,0
DA:1218,0
DA:1219,0
DA:1220,0
DA:1222,0
DA:1223,0
DA:1225,0
DA:1226,0
DA:1227,0
DA:1228,0
DA:1229,0
DA:1230,0
DA:1232,0
DA:1234,0
DA:1235,0
DA:1237,0
DA:1238,0
DA:1241,0
DA:1244,0
DA:1245,0
DA:1246,0
DA:1247,0
DA:1250,0
DA:1251,0
DA:1254,0
DA:1255,0
DA:1256,0
DA:1257,0
DA:1258,0
DA:1259,0
DA:1260,0
DA:1261,0
DA:1262,0
DA:1263,0
DA:1264,0
DA:1265,0
DA:1266,0
DA:1268,0
DA:1269,0
DA:1271,0
DA:1272,0
DA:1273,0
DA:1276,0
DA:1277,0
DA:1278,0
DA:1279,0
DA:1281,0
DA:1285,0
DA:1286,0
DA:1288,0
DA:1290,0
DA:1291,0
DA:1292,0
DA:1295,0
DA:1296,0
DA:1298,0
DA:1300,0
DA:1301,0
DA:1304,0
DA:1306,0
DA:1307,0
DA:1309,0
DA:1311,0
DA:1312,0
DA:1315,0
DA:1317,0
DA:1319,0
DA:1320,0
DA:1321,0
DA:1324,0
DA:1325,0
DA:1327,0
DA:1329,0
DA:1330,0
DA:1333,0
DA:1335,0
DA:1336,0
DA:1338,0
DA:1340,0
DA:1341,0
DA:1344,0
DA:1346,0
DA:1347,0
DA:1349,0
DA:1351,0
DA:1352,0
DA:1355,0
DA:1357,0
DA:1359,0
DA:1360,0
DA:1361,0
DA:1364,0
DA:1365,0
DA:1367,0
DA:1369,0
DA:1370,0
DA:1373,0
DA:1375,0
DA:1376,0
DA:1378,0
DA:1380,0
DA:1381,0
DA:1384,0
DA:1386,0
DA:1387,0
DA:1389,0
DA:1391,0
DA:1392,0
DA:1395,0
DA:1397,0
DA:1399,0
DA:1400,0
DA:1401,0
DA:1404,0
DA:1405,0
DA:1407,0
DA:1409,0
DA:1410,0
DA:1413,0
DA:1415,0
DA:1416,0
DA:1418,0
DA:1420,0
DA:1421,0
DA:1424,0
DA:1426,0
DA:1427,0
DA:1429,0
DA:1431,0
DA:1432,0
DA:1435,0
DA:1437,0
DA:1439,0
DA:1440,0
DA:1441,0
DA:1444,0
DA:1445,0
DA:1447,0
DA:1449,0
DA:1450,0
DA:1453,0
DA:1455,0
DA:1456,0
DA:1458,0
DA:1460,0
DA:1461,0
DA:1464,0
DA:1466,0
DA:1467,0
DA:1469,0
DA:1471,0
DA:1472,0
DA:1475,0
DA:1477,0
DA:1479,0
DA:1480,0
DA:1481,0
DA:1484,0
DA:1485,0
DA:1487,0
DA:1489,0
DA:1490,0
DA:1493,0
DA:1495,0
DA:1496,0
DA:1498,0
DA:1500,0
DA:1501,0
DA:1504,0
DA:1506,0
DA:1507,0
DA:1509,0
DA:1511,0
DA:1512,0
DA:1515,0
DA:1517,0
DA:1518,0
DA:1520,0
DA:1522,0
DA:1523,0
DA:1526,0
DA:1528,0
DA:1530,0
DA:1531,0
DA:1532,0
DA:1535,0
DA:1536,0
DA:1538,0
DA:1540,0
DA:1541,0
DA:1544,0
DA:1546,0
DA:1547,0
DA:1548,0
DA:1549,0
DA:1551,0
DA:1555,0
DA:1556,0
DA:1557,0
DA:1558,0
DA:1559,0
DA:1560,0
DA:1561,0
DA:1562,0
DA:1563,0
DA:1564,0
DA:1565,0
DA:1566,0
DA:1567,0
DA:1568,0
DA:1569,0
DA:1570,0
DA:1571,0
DA:1572,0
DA:1573,0
DA:1574,0
DA:1575,0
DA:1576,0
DA:1578,0
DA:1579,0
DA:1583,0
DA:1584,0
DA:1585,0
DA:1586,0
DA:1587,0
DA:1588,0
DA:1589,0
DA:1592,0
DA:1595,0
DA:1596,0
DA:1598,0
DA:1599,0
DA:1601,0
DA:1602,0
DA:1603,0
DA:1604,0
DA:1605,0
DA:1608,0
DA:1609,0
DA:1613,0
DA:1614,0
DA:1618,0
DA:1619,0
DA:1621,0
DA:1624,0
DA:1625,0
DA:1626,0
DA:1628,0
DA:1632,0
DA:1633,0
DA:1634,0
DA:1635,0
DA:1636,0
DA:1637,0
DA:1638,0
DA:1639,0
DA:1640,0
DA:1641,0
DA:1642,0
DA:1643,0
DA:1644,0
DA:1645,0
DA:1646,0
DA:1647,0
DA:1648,0
DA:1650,0
DA:1654,0
DA:1655,0
DA:1656,0
DA:1658,0
DA:1663,0
DA:1664,0
DA:1665,0
DA:1666,0
DA:1667,0
DA:1668,0
DA:1670,0
DA:1671,0
DA:1673,0
DA:1676,0
DA:1678,0
DA:1680,0
DA:1683,0
DA:1684,0
DA:1686,0
DA:1687,0
DA:1691,0
DA:1692,0
DA:1695,0
DA:1696,0
DA:1697,0
DA:1698,0
DA:1699,0
DA:1700,0
DA:1701,0
DA:1702,0
DA:1703,0
DA:1704,0
DA:1705,0
DA:1706,0
DA:1707,0
DA:1708,0
DA:1709,0
DA:1711,0
DA:1713,0
DA:1714,0
DA:1715,0
DA:1716,0
DA:1718,0
DA:1719,0
DA:1723,0
DA:1724,0
DA:1725,0
DA:1727,0
DA:1730,0
DA:1732,0
DA:1733,0
DA:1734,0
DA:1735,0
DA:1736,0
DA:1737,0
DA:1738,0
DA:1740,0
DA:1742,0
DA:1743,0
DA:1745,0
DA:1746,0
DA:1750,0
DA:1751,0
DA:1752,0
DA:1753,0
DA:1755,0
DA:1756,0
DA:1758,0
DA:1759,0
DA:1763,0
DA:1764,0
DA:1765,0
DA:1766,0
DA:1768,0
LF:1107
LH:0
end_of_record
TN:
SF:/Users/starq1/codingz/rustProjz/coincube/coincube-gui/src/app/view/global_home.rs
FNF:0
DA:65,0
DA:66,0
DA:67,0
DA:68,0
DA:69,0
DA:71,0
DA:73,0
DA:75,0
DA:77,0
DA:78,0
DA:79,0
DA:80,0
DA:81,0
DA:83,0
DA:86,0
DA:87,0
DA:88,0
DA:90,0
DA:91,0
DA:92,0
DA:93,0
DA:94,0
DA:95,0
DA:97,0
DA:102,0
DA:103,0
DA:104,0
DA:106,0
DA:107,0
DA:109,0
DA:110,0
DA:111,0
DA:112,0
DA:114,0
DA:115,0
DA:116,0
DA:117,0
DA:118,0
DA:120,0
DA:121,0
DA:122,0
DA:123,0
DA:125,0
DA:130,0
DA:132,0
DA:133,0
DA:134,0
DA:137,0
DA:138,0
DA:139,0
DA:140,0
DA:141,0
DA:143,0
DA:144,0
DA:145,0
DA:147,0
DA:151,0
DA:152,0
DA:153,0
DA:155,0
DA:156,0
DA:157,0
DA:159,0
DA:164,0
DA:166,0
DA:167,0
DA:168,0
DA:169,0
DA:170,0
DA:172,0
DA:173,0
DA:174,0
DA:175,0
DA:176,0
DA:177,0
DA:178,0
DA:180,0
DA:185,0
DA:186,0
DA:187,0
DA:190,0
DA:192,0
DA:193,0
DA:199,0
DA:200,0
DA:201,0
DA:202,0
DA:203,0
DA:204,0
DA:205,0
DA:206,0
DA:207,0
DA:208,0
DA:209,0
DA:210,0
DA:212,0
DA:213,0
DA:214,0
DA:217,0
DA:218,0
DA:219,0
DA:220,0
DA:221,0
DA:222,0
DA:223,0
DA:224,0
DA:225,0
DA:226,0
DA:227,0
DA:229,0
DA:230,0
DA:231,0
DA:232,0
DA:233,0
DA:234,0
DA:236,0
DA:238,0
DA:239,0
DA:240,0
DA:241,0
DA:242,0
DA:243,0
DA:245,0
DA:246,0
DA:264,0
DA:266,0
DA:267,0
DA:268,0
DA:269,0
DA:270,0
DA:271,0
DA:272,0
DA:274,0
DA:275,0
DA:276,0
DA:277,0
DA:278,0
DA:279,0
DA:281,0
DA:282,0
DA:283,0
DA:284,0
DA:285,0
DA:286,0
DA:291,0
DA:292,0
DA:293,0
DA:294,0
DA:296,0
DA:299,0
DA:300,0
DA:301,0
DA:302,0
DA:303,0
DA:306,0
DA:307,0
DA:308,0
DA:309,0
DA:310,0
DA:311,0
DA:312,0
DA:313,0
DA:314,0
DA:315,0
DA:318,0
DA:319,0
DA:320,0
DA:321,0
DA:322,0
DA:324,0
DA:325,0
DA:326,0
DA:327,0
DA:329,0
DA:330,0
DA:331,0
DA:332,0
DA:333,0
DA:334,0
DA:335,0
DA:336,0
DA:337,0
DA:338,0
DA:340,0
DA:341,0
DA:342,0
DA:343,0
DA:345,0
DA:346,0
DA:351,0
DA:352,0
DA:353,0
DA:354,0
DA:355,0
DA:356,0
DA:357,0
DA:358,0
DA:359,0
DA:360,0
DA:362,0
DA:363,0
DA:364,0
DA:365,0
DA:367,0
DA:368,0
DA:373,0
DA:375,0
DA:376,0
DA:377,0
DA:378,0
DA:379,0
DA:381,0
DA:382,0
DA:383,0
DA:384,0
DA:385,0
DA:386,0
DA:387,0
DA:388,0
DA:389,0
DA:391,0
DA:393,0
DA:394,0
DA:397,0
DA:398,0
DA:399,0
DA:400,0
DA:401,0
DA:402,0
DA:403,0
DA:405,0
DA:406,0
DA:408,0
DA:411,0
DA:412,0
DA:413,0
DA:414,0
DA:415,0
DA:416,0
DA:417,0
DA:418,0
DA:419,0
DA:420,0
DA:421,0
DA:422,0
DA:423,0
DA:424,0
DA:425,0
DA:429,0
DA:432,0
DA:433,0
DA:434,0
DA:435,0
DA:436,0
DA:437,0
DA:438,0
DA:439,0
DA:441,0
DA:446,0
DA:447,0
DA:448,0
DA:449,0
DA:450,0
DA:451,0
DA:452,0
DA:454,0
DA:456,0
DA:457,0
DA:459,0
DA:460,0
DA:463,0
DA:464,0
DA:465,0
DA:466,0
DA:467,0
DA:468,0
DA:469,0
DA:470,0
DA:471,0
DA:472,0
DA:474,0
DA:475,0
DA:478,0
DA:479,0
DA:480,0
DA:481,0
DA:482,0
DA:483,0
DA:484,0
DA:485,0
DA:486,0
DA:487,0
DA:489,0
DA:490,0
DA:493,0
DA:495,0
DA:496,0
DA:497,0
DA:498,0
DA:499,0
DA:500,0
DA:501,0
DA:502,0
DA:503,0
DA:505,0
DA:506,0
DA:508,0
DA:510,0
DA:511,0
DA:513,0
DA:514,0
DA:515,0
DA:517,0
DA:518,0
DA:519,0
DA:520,0
DA:522,0
DA:523,0
DA:524,0
DA:525,0
DA:526,0
DA:527,0
DA:528,0
DA:529,0
DA:530,0
DA:532,0
DA:534,0
DA:535,0
DA:540,0
DA:541,0
DA:542,0
DA:543,0
DA:544,0
DA:545,0
DA:546,0
DA:549,0
DA:552,0
DA:555,0
DA:558,0
DA:560,0
DA:561,0
DA:562,0
DA:563,0
DA:564,0
DA:565,0
DA:567,0
DA:568,0
DA:570,0
DA:571,0
DA:572,0
DA:573,0
DA:574,0
DA:576,0
DA:577,0
DA:579,0
DA:591,0
DA:592,0
DA:593,0
DA:594,0
DA:595,0
DA:596,0
DA:597,0
DA:598,0
DA:599,0
DA:600,0
DA:601,0
DA:603,0
DA:604,0
DA:605,0
DA:606,0
DA:609,0
DA:610,0
DA:611,0
DA:612,0
DA:613,0
DA:614,0
DA:615,0
DA:616,0
DA:617,0
DA:619,0
DA:622,0
DA:625,0
DA:626,0
DA:630,0
DA:631,0
DA:638,0
DA:639,0
DA:640,0
DA:641,0
DA:643,0
DA:644,0
DA:645,0
DA:647,0
DA:649,0
DA:650,0
DA:651,0
DA:652,0
DA:653,0
DA:654,0
DA:655,0
DA:656,0
DA:657,0
DA:659,0
DA:660,0
DA:661,0
DA:662,0
DA:663,0
DA:664,0
DA:665,0
DA:666,0
DA:667,0
DA:669,0
DA:670,0
DA:671,0
DA:672,0
DA:673,0
DA:675,0
DA:677,0
DA:678,0
DA:680,0
DA:681,0
DA:682,0
DA:684,0
DA:685,0
DA:688,0
DA:689,0
DA:690,0
DA:691,0
DA:702,0
DA:704,0
DA:706,0
DA:707,0
DA:710,0
DA:713,0
DA:716,0
DA:717,0
DA:718,0
DA:719,0
DA:720,0
DA:721,0
DA:722,0
DA:723,0
DA:727,0
DA:728,0
DA:729,0
DA:730,0
DA:731,0
DA:732,0
DA:733,0
DA:738,0
DA:740,0
DA:741,0
DA:742,0
DA:743,0
DA:744,0
DA:745,0
DA:746,0
DA:747,0
DA:749,0
DA:750,0
DA:753,0
DA:766,0
DA:767,0
DA:768,0
DA:770,0
DA:771,0
DA:772,0
DA:773,0
DA:775,0
DA:777,0
DA:778,0
DA:779,0
DA:780,0
DA:781,0
DA:782,0
DA:783,0
DA:784,0
DA:787,0
DA:788,0
DA:789,0
DA:793,0
DA:794,0
DA:796,0
DA:797,0
DA:798,0
DA:800,0
DA:802,0
DA:803,0
DA:804,0
DA:805,0
DA:806,0
DA:807,0
DA:808,0
DA:809,0
DA:811,0
DA:813,0
DA:817,0
DA:818,0
DA:819,0
DA:821,0
DA:824,0
DA:825,0
DA:827,0
DA:828,0
DA:830,0
DA:831,0
DA:832,0
DA:833,0
DA:834,0
DA:849,0
DA:850,0
DA:851,0
DA:854,0
DA:855,0
DA:857,0
DA:858,0
DA:859,0
DA:860,0
DA:861,0
DA:862,0
DA:864,0
DA:865,0
DA:866,0
DA:867,0
DA:868,0
DA:869,0
DA:871,0
DA:873,0
[...]
FN:67,<impl Widget for Modal<'a,Message,Theme,Renderer>>::update
FN:93,<impl Widget for Modal<'a,Message,Theme,Renderer>>::draw
FN:114,<impl Widget for Modal<'a,Message,Theme,Renderer>>::overlay
FN:131,<impl Widget for Modal<'a,Message,Theme,Renderer>>::mouse_interaction
FN:151,<impl Widget for Modal<'a,Message,Theme,Renderer>>::operate
FN:178,<impl Overlay for Overlay<'a,'b,Message,Theme,Renderer>>::layout
FN:192,<impl Overlay for Overlay<'a,'b,Message,Theme,Renderer>>::update
FN:225,<impl Overlay for Overlay<'a,'b,Message,Theme,Renderer>>::draw
FN:255,<impl Overlay for Overlay<'a,'b,Message,Theme,Renderer>>::operate
FN:269,<impl Overlay for Overlay<'a,'b,Message,Theme,Renderer>>::mouse_interaction
FN:284,<impl Overlay for Overlay<'a,'b,Message,Theme,Renderer>>::overlay
FN:306,<impl From for Element<'a,Message,Theme,Renderer>>::from
FNF:18
FNDA:0,Modal<'a,Message,Theme,Renderer>::new
FNDA:0,Modal<'a,Message,Theme,Renderer>::on_blur
FNDA:0,<impl Widget for Modal<'a,Message,Theme,Renderer>>::children
FNDA:0,<impl Widget for Modal<'a,Message,Theme,Renderer>>::diff
FNDA:0,<impl Widget for Modal<'a,Message,Theme,Renderer>>::size
FNDA:0,<impl Widget for Modal<'a,Message,Theme,Renderer>>::layout
FNDA:0,<impl Widget for Modal<'a,Message,Theme,Renderer>>::update
FNDA:0,<impl Widget for Modal<'a,Message,Theme,Renderer>>::draw
FNDA:0,<impl Widget for Modal<'a,Message,Theme,Renderer>>::overlay
FNDA:0,<impl Widget for Modal<'a,Message,Theme,Renderer>>::mouse_interaction
FNDA:0,<impl Widget for Modal<'a,Message,Theme,Renderer>>::operate
FNDA:0,<impl Overlay for Overlay<'a,'b,Message,Theme,Renderer>>::layout
FNDA:0,<impl Overlay for Overlay<'a,'b,Message,Theme,Renderer>>::update
FNDA:0,<impl Overlay for Overlay<'a,'b,Message,Theme,Renderer>>::draw
FNDA:0,<impl Overlay for Overlay<'a,'b,Message,Theme,Renderer>>::operate
FNDA:0,<impl Overlay for Overlay<'a,'b,Message,Theme,Renderer>>::mouse_interaction
FNDA:0,<impl Overlay for Overlay<'a,'b,Message,Theme,Renderer>>::overlay
FNDA:0,<impl From for Element<'a,Message,Theme,Renderer>>::from
DA:20,0
DA:25,0
DA:26,0
DA:33,0
DA:44,0
DA:45,0
DA:48,0
DA:49,0
DA:52,0
DA:53,0
DA:56,0
DA:62,0
DA:64,0
DA:67,0
DA:78,0
DA:79,0
DA:81,0
DA:82,0
DA:83,0
DA:84,0
DA:85,0
DA:86,0
DA:87,0
DA:88,0
DA:89,0
DA:93,0
DA:103,0
DA:104,0
DA:105,0
DA:106,0
DA:107,0
DA:108,0
DA:109,0
DA:110,0
DA:114,0
DA:122,0
DA:123,0
DA:124,0
DA:125,0
DA:126,0
DA:127,0
DA:131,0
DA:139,0
DA:140,0
DA:142,0
DA:143,0
DA:144,0
DA:145,0
DA:146,0
DA:147,0
DA:151,0
DA:158,0
DA:160,0
DA:178,0
DA:179,0
DA:180,0
DA:181,0
DA:183,0
DA:184,0
DA:186,0
DA:187,0
DA:189,0
DA:192,0
DA:201,0
DA:203,0
DA:204,0
DA:205,0
DA:206,0
DA:207,0
DA:208,0
DA:213,0
DA:214,0
DA:215,0
DA:216,0
DA:217,0
DA:218,0
DA:219,0
DA:220,0
DA:221,0
DA:225,0
DA:233,0
DA:234,0
DA:235,0
DA:236,0
DA:238,0
DA:239,0
DA:240,0
DA:244,0
DA:245,0
DA:246,0
DA:247,0
DA:248,0
DA:249,0
DA:250,0
DA:251,0
DA:255,0
DA:261,0
DA:262,0
DA:263,0
DA:264,0
DA:265,0
DA:269,0
DA:275,0
DA:276,0
DA:277,0
DA:278,0
DA:279,0
DA:280,0
DA:284,0
DA:289,0
DA:290,0
DA:291,0
DA:292,0
DA:293,0
DA:294,0
DA:306,0
DA:307,0
LF:117
LH:0
end_of_record
TN:
SF:/Users/starq1/codingz/rustProjz/coincube/coincube-ui/src/widget/text_input.rs
FN:66,TextInput<'a,Message,Theme,Renderer>::new
FN:89,TextInput<'a,Message,Theme,Renderer>::id
FN:95,TextInput<'a,Message,Theme,Renderer>::secure
FN:104,TextInput<'a,Message,Theme,Renderer>::on_input
FN:113,TextInput<'a,Message,Theme,Renderer>::on_input_maybe
FN:120,TextInput<'a,Message,Theme,Renderer>::on_submit
FN:127,TextInput<'a,Message,Theme,Renderer>::on_submit_maybe
FN:134,TextInput<'a,Message,Theme,Renderer>::on_paste
FN:141,TextInput<'a,Message,Theme,Renderer>::on_paste_maybe
FN:149,TextInput<'a,Message,Theme,Renderer>::font
FN:155,TextInput<'a,Message,Theme,Renderer>::icon
FN:161,TextInput<'a,Message,Theme,Renderer>::width
FN:167,TextInput<'a,Message,Theme,Renderer>::padding
FN:173,TextInput<'a,Message,Theme,Renderer>::size
FN:179,TextInput<'a,Message,Theme,Renderer>::line_height
FN:185,TextInput<'a,Message,Theme,Renderer>::align_x
FN:192,TextInput<'a,Message,Theme,Renderer>::style
FN:202,TextInput<'a,Message,Theme,Renderer>::class
FN:210,TextInput<'a,Message,Theme,Renderer>::layout
FN:301,TextInput<'a,Message,Theme,Renderer>::draw
FN:485,<impl Widget for TextInput<'a,Message,Theme,Renderer>>::tag
FN:489,<impl Widget for TextInput<'a,Message,Theme,Renderer>>::state
FN:493,<impl Widget for TextInput<'a,Message,Theme,Renderer>>::diff
FN:502,<impl Widget for TextInput<'a,Message,Theme,Renderer>>::size
FN:509,<impl Widget for TextInput<'a,Message,Theme,Renderer>>::layout
FN:518,<impl Widget for TextInput<'a,Message,Theme,Renderer>>::operate
FN:531,<impl Widget for TextInput<'a,Message,Theme,Renderer>>::update
FN:1025,<impl Widget for TextInput<'a,Message,Theme,Renderer>>::draw
FN:1038,<impl Widget for TextInput<'a,Message,Theme,Renderer>>::mouse_interaction
FN:1057,<impl Widget for TextInput<'a,Message,Theme,Renderer>>::overlay
FN:1168,<impl From for Element<'a,Message,Theme,Renderer>>::from
FN:1205,Id::new
FN:1212,Id::unique
FN:1218,<impl From for widget::Id>::from
FN:1230,<impl From for Id>::from
FN:1236,focus
FN:1242,move_cursor_to_end
FN:1250,move_cursor_to_front
FN:1258,move_cursor_to
FN:1266,select_all
FN:1295,state
FN:1308,State<P>::new
FN:1313,State<P>::is_focused
FN:1318,State<P>::cursor
FN:1323,State<P>::focus
FN:1336,State<P>::unfocus
FN:1341,State<P>::move_cursor_to_front
FN:1346,State<P>::move_cursor_to_end
FN:1351,State<P>::move_cursor_to
FN:1356,State<P>::select_all
FN:1362,<impl Focusable for State<P>>::is_focused
FN:1366,<impl Focusable for State<P>>::focus
FN:1370,<impl Focusable for State<P>>::unfocus
FN:1376,<impl TextInput for State<P>>::move_cursor_to_front
FN:1380,<impl TextInput for State<P>>::move_cursor_to_end
FN:1384,<impl TextInput for State<P>>::move_cursor_to
FN:1388,<impl TextInput for State<P>>::select_all
FN:1392,<impl TextInput for State<P>>::text
FN:1400,<impl TextInput for State<P>>::select_range
FN:1405,offset
FN:1423,measure_cursor_and_scroll_offset
FN:1439,find_cursor_position
FN:1463,replace_paragraph
FN:1495,alignment_offset
FNF:64
FNDA:0,TextInput<'a,Message,Theme,Renderer>::new
FNDA:0,TextInput<'a,Message,Theme,Renderer>::id
FNDA:0,TextInput<'a,Message,Theme,Renderer>::secure
FNDA:0,TextInput<'a,Message,Theme,Renderer>::on_input
FNDA:0,TextInput<'a,Message,Theme,Renderer>::on_input_maybe
FNDA:0,TextInput<'a,Message,Theme,Renderer>::on_submit
FNDA:0,TextInput<'a,Message,Theme,Renderer>::on_submit_maybe
FNDA:0,TextInput<'a,Message,Theme,Renderer>::on_paste
FNDA:0,TextInput<'a,Message,Theme,Renderer>::on_paste_maybe
FNDA:0,TextInput<'a,Message,Theme,Renderer>::font
FNDA:0,TextInput<'a,Message,Theme,Renderer>::icon
FNDA:0,TextInput<'a,Message,Theme,Renderer>::width
FNDA:0,TextInput<'a,Message,Theme,Renderer>::padding
FNDA:0,TextInput<'a,Message,Theme,Renderer>::size
FNDA:0,TextInput<'a,Message,Theme,Renderer>::line_height
FNDA:0,TextInput<'a,Message,Theme,Renderer>::align_x
FNDA:0,TextInput<'a,Message,Theme,Renderer>::style
FNDA:0,TextInput<'a,Message,Theme,Renderer>::class
FNDA:0,TextInput<'a,Message,Theme,Renderer>::layout
FNDA:0,TextInput<'a,Message,Theme,Renderer>::draw
FNDA:0,<impl Widget for TextInput<'a,Message,Theme,Renderer>>::tag
FNDA:0,<impl Widget for TextInput<'a,Message,Theme,Renderer>>::state
FNDA:0,<impl Widget for TextInput<'a,Message,Theme,Renderer>>::diff
FNDA:0,<impl Widget for TextInput<'a,Message,Theme,Renderer>>::size
FNDA:0,<impl Widget for TextInput<'a,Message,Theme,Renderer>>::layout
FNDA:0,<impl Widget for TextInput<'a,Message,Theme,Renderer>>::operate
FNDA:0,<impl Widget for TextInput<'a,Message,Theme,Renderer>>::update
FNDA:0,<impl Widget for TextInput<'a,Message,Theme,Renderer>>::draw
FNDA:0,<impl Widget for TextInput<'a,Message,Theme,Renderer>>::mouse_interaction
FNDA:0,<impl Widget for TextInput<'a,Message,Theme,Renderer>>::overlay
FNDA:0,<impl From for Element<'a,Message,Theme,Renderer>>::from
FNDA:0,Id::new
FNDA:0,Id::unique
FNDA:0,<impl From for widget::Id>::from
FNDA:0,<impl From for Id>::from
FNDA:0,focus
FNDA:0,move_cursor_to_end
FNDA:0,move_cursor_to_front
FNDA:0,move_cursor_to
FNDA:0,select_all
FNDA:0,state
FNDA:0,State<P>::new
FNDA:0,State<P>::is_focused
FNDA:0,State<P>::cursor
FNDA:0,State<P>::focus
FNDA:0,State<P>::unfocus
FNDA:0,State<P>::move_cursor_to_front
FNDA:0,State<P>::move_cursor_to_end
FNDA:0,State<P>::move_cursor_to
FNDA:0,State<P>::select_all
FNDA:0,<impl Focusable for State<P>>::is_focused
FNDA:0,<impl Focusable for State<P>>::focus
FNDA:0,<impl Focusable for State<P>>::unfocus
FNDA:0,<impl TextInput for State<P>>::move_cursor_to_front
FNDA:0,<impl TextInput for State<P>>::move_cursor_to_end
FNDA:0,<impl TextInput for State<P>>::move_cursor_to
FNDA:0,<impl TextInput for State<P>>::select_all
FNDA:0,<impl TextInput for State<P>>::text
FNDA:0,<impl TextInput for State<P>>::select_range
FNDA:0,offset
FNDA:0,measure_cursor_and_scroll_offset
FNDA:0,find_cursor_position
FNDA:0,replace_paragraph
FNDA:0,alignment_offset
DA:66,0
DA:69,0
DA:70,0
DA:76,0
DA:77,0
DA:83,0
DA:84,0
DA:89,0
DA:90,0
DA:91,0
DA:95,0
DA:96,0
DA:97,0
DA:104,0
DA:105,0
DA:106,0
DA:113,0
DA:114,0
DA:115,0
DA:120,0
DA:121,0
DA:122,0
DA:127,0
DA:128,0
DA:129,0
DA:134,0
DA:135,0
DA:136,0
DA:141,0
DA:142,0
DA:143,0
DA:149,0
DA:150,0
DA:151,0
DA:155,0
DA:156,0
DA:157,0
DA:161,0
DA:162,0
DA:163,0
DA:167,0
DA:168,0
DA:169,0
DA:173,0
DA:174,0
DA:175,0
DA:179,0
DA:180,0
DA:181,0
DA:185,0
DA:186,0
DA:187,0
DA:192,0
DA:196,0
DA:197,0
DA:202,0
DA:203,0
DA:204,0
DA:210,0
DA:217,0
DA:218,0
DA:220,0
DA:221,0
DA:222,0
DA:223,0
DA:225,0
DA:226,0
DA:230,0
DA:231,0
DA:232,0
DA:237,0
DA:240,0
DA:242,0
DA:243,0
DA:245,0
DA:246,0
DA:247,0
DA:250,0
DA:251,0
DA:254,0
DA:255,0
DA:256,0
DA:257,0
DA:258,0
DA:262,0
DA:265,0
DA:267,0
DA:269,0
DA:270,0
DA:271,0
DA:272,0
DA:274,0
DA:275,0
DA:276,0
DA:280,0
DA:281,0
DA:282,0
DA:284,0
DA:285,0
DA:287,0
DA:289,0
DA:290,0
DA:292,0
DA:301,0
DA:311,0
DA:312,0
DA:313,0
DA:315,0
DA:316,0
DA:318,0
DA:320,0
DA:321,0
DA:323,0
DA:325,0
DA:326,0
DA:327,0
DA:331,0
DA:332,0
DA:334,0
DA:337,0
DA:339,0
DA:340,0
DA:341,0
DA:342,0
DA:343,0
DA:345,0
DA:348,0
DA:349,0
DA:351,0
DA:352,0
DA:353,0
DA:354,0
DA:355,0
DA:359,0
DA:361,0
DA:362,0
DA:364,0
DA:366,0
DA:367,0
DA:368,0
DA:369,0
DA:371,0
DA:372,0
DA:373,0
DA:374,0
DA:376,0
DA:377,0
DA:378,0
DA:379,0
DA:380,0
DA:381,0
DA:382,0
DA:383,0
DA:385,0
DA:387,0
DA:390,0
DA:393,0
DA:395,0
DA:396,0
DA:397,0
DA:399,0
DA:400,0
DA:402,0
DA:403,0
DA:405,0
DA:408,0
DA:409,0
DA:410,0
DA:411,0
DA:412,0
DA:413,0
DA:414,0
DA:416,0
DA:418,0
DA:420,0
DA:421,0
DA:423,0
DA:425,0
DA:430,0
DA:433,0
DA:434,0
DA:435,0
DA:437,0
DA:440,0
DA:441,0
DA:443,0
DA:444,0
DA:445,0
DA:446,0
DA:447,0
DA:451,0
DA:454,0
DA:455,0
DA:456,0
DA:457,0
DA:458,0
DA:459,0
DA:460,0
DA:461,0
DA:462,0
DA:464,0
DA:466,0
DA:470,0
DA:471,0
DA:473,0
DA:485,0
DA:486,0
DA:489,0
DA:490,0
DA:493,0
DA:494,0
DA:497,0
DA:498,0
DA:502,0
DA:504,0
DA:509,0
DA:515,0
DA:518,0
DA:525,0
DA:527,0
DA:528,0
DA:531,0
DA:542,0
DA:544,0
DA:545,0
DA:546,0
DA:547,0
DA:548,0
DA:549,0
DA:550,0
DA:554,0
DA:555,0
DA:556,0
DA:558,0
DA:561,0
DA:562,0
DA:563,0
DA:564,0
DA:565,0
DA:568,0
DA:569,0
DA:570,0
DA:573,0
DA:574,0
DA:577,0
DA:579,0
DA:580,0
DA:581,0
DA:583,0
DA:584,0
DA:585,0
DA:586,0
DA:590,0
DA:593,0
DA:594,0
DA:596,0
DA:597,0
DA:600,0
DA:601,0
DA:602,0
DA:605,0
DA:608,0
DA:609,0
DA:611,0
DA:612,0
DA:613,0
DA:614,0
DA:615,0
DA:617,0
DA:620,0
DA:622,0
DA:626,0
DA:627,0
DA:628,0
DA:629,0
DA:631,0
DA:633,0
DA:635,0
DA:636,0
DA:637,0
DA:640,0
DA:641,0
DA:642,0
DA:643,0
DA:647,0
DA:648,0
DA:649,0
DA:653,0
DA:655,0
DA:656,0
DA:657,0
DA:661,0
DA:662,0
DA:665,0
DA:666,0
DA:667,0
DA:668,0
DA:670,0
DA:671,0
DA:672,0
DA:674,0
DA:675,0
DA:677,0
DA:678,0
DA:681,0
DA:682,0
DA:683,0
DA:686,0
DA:689,0
DA:690,0
DA:692,0
DA:695,0
DA:696,0
DA:699,0
DA:700,0
DA:701,0
DA:703,0
DA:706,0
DA:707,0
DA:709,0
DA:710,0
DA:711,0
DA:713,0
DA:714,0
DA:715,0
DA:717,0
DA:718,0
DA:719,0
DA:720,0
DA:724,0
DA:726,0
DA:727,0
DA:729,0
DA:730,0
DA:733,0
DA:734,0
DA:735,0
DA:736,0
DA:740,0
DA:741,0
DA:743,0
DA:744,0
DA:745,0
DA:747,0
DA:748,0
DA:749,0
DA:751,0
DA:752,0
DA:753,0
DA:755,0
DA:756,0
DA:759,0
DA:760,0
DA:761,0
DA:762,0
DA:763,0
DA:766,0
DA:769,0
DA:773,0
DA:775,0
DA:777,0
DA:778,0
DA:780,0
DA:782,0
DA:783,0
DA:785,0
DA:786,0
DA:787,0
DA:788,0
DA:790,0
DA:791,0
DA:793,0
DA:794,0
DA:796,0
DA:799,0
DA:800,0
DA:801,0
DA:804,0
DA:806,0
DA:807,0
DA:809,0
DA:811,0
DA:812,0
DA:813,0
DA:815,0
DA:816,0
DA:817,0
DA:821,0
DA:822,0
DA:823,0
DA:824,0
DA:825,0
DA:828,0
DA:829,0
DA:830,0
DA:833,0
DA:834,0
DA:835,0
DA:836,0
DA:838,0
DA:842,0
DA:843,0
DA:845,0
DA:846,0
DA:847,0
DA:849,0
DA:850,0
DA:852,0
DA:853,0
DA:854,0
DA:857,0
DA:858,0
DA:859,0
DA:860,0
DA:862,0
DA:866,0
DA:867,0
DA:869,0
DA:870,0
DA:871,0
DA:873,0
DA:874,0
DA:876,0
DA:877,0
DA:878,0
DA:879,0
DA:880,0
DA:882,0
DA:885,0
DA:886,0
DA:887,0
DA:888,0
DA:889,0
DA:892,0
DA:895,0
DA:896,0
DA:898,0
DA:899,0
DA:900,0
DA:901,0
DA:903,0
DA:906,0
DA:907,0
DA:909,0
DA:910,0
DA:911,0
DA:912,0
DA:915,0
DA:918,0
DA:919,0
DA:920,0
DA:921,0
DA:923,0
DA:925,0
DA:926,0
DA:928,0
DA:931,0
DA:932,0
DA:933,0
DA:934,0
DA:936,0
DA:938,0
DA:939,0
DA:941,0
DA:944,0
DA:945,0
DA:946,0
DA:947,0
DA:949,0
DA:951,0
DA:952,0
DA:953,0
DA:954,0
DA:956,0
DA:959,0
DA:962,0
DA:963,0
DA:965,0
DA:966,0
DA:967,0
DA:968,0
DA:970,0
DA:971,0
DA:972,0
DA:973,0
DA:975,0
DA:978,0
DA:981,0
DA:983,0
DA:984,0
DA:986,0
DA:988,0
DA:989,0
DA:991,0
DA:992,0
DA:995,0
DA:996,0
DA:998,0
DA:999,0
DA:1000,0
DA:1002,0
DA:1005,0
DA:1006,0
DA:1008,0
DA:1009,0
DA:1010,0
DA:1012,0
DA:1013,0
DA:1015,0
DA:1016,0
DA:1021,0
DA:1025,0
DA:1035,0
DA:1038,0
DA:1046,0
DA:1047,0
DA:1048,0
DA:1050,0
DA:1053,0
DA:1057,0
DA:1065,0
DA:1066,0
DA:1067,0
DA:1069,0
DA:1070,0
DA:1071,0
DA:1072,0
DA:1073,0
DA:1077,0
DA:1078,0
DA:1079,0
DA:1082,0
DA:1085,0
DA:1093,0
DA:1094,0
DA:1095,0
DA:1096,0
DA:1098,0
DA:1101,0
DA:1102,0
DA:1103,0
DA:1104,0
DA:1105,0
DA:1106,0
DA:1107,0
DA:1109,0
DA:1110,0
DA:1111,0
DA:1112,0
DA:1113,0
DA:1114,0
DA:1115,0
DA:1116,0
DA:1118,0
DA:1119,0
DA:1120,0
DA:1122,0
DA:1123,0
DA:1124,0
DA:1127,0
DA:1128,0
DA:1129,0
DA:1130,0
DA:1131,0
DA:1132,0
DA:1133,0
DA:1134,0
DA:1135,0
DA:1136,0
DA:1139,0
DA:1141,0
DA:1144,0
DA:1147,0
DA:1148,0
DA:1149,0
DA:1151,0
DA:1152,0
DA:1153,0
DA:1156,0
DA:1168,0
DA:1171,0
DA:1205,0
DA:1206,0
DA:1212,0
DA:1213,0
DA:1218,0
DA:1219,0
DA:1224,0
DA:1225,0
DA:1230,0
DA:1231,0
DA:1236,0
DA:1237,0
DA:1242,0
DA:1243,0
DA:1244,0
DA:1250,0
DA:1251,0
DA:1252,0
DA:1258,0
DA:1259,0
DA:1260,0
DA:1261,0
DA:1266,0
DA:1267,0
DA:1268,0
DA:1295,0
DA:1296,0
DA:1308,0
DA:1309,0
DA:1313,0
DA:1314,0
DA:1318,0
DA:1319,0
DA:1323,0
DA:1324,0
DA:1326,0
DA:1327,0
DA:1328,0
DA:1329,0
DA:1332,0
DA:1336,0
DA:1337,0
DA:1341,0
DA:1342,0
DA:1346,0
DA:1347,0
DA:1351,0
DA:1352,0
DA:1356,0
DA:1357,0
DA:1362,0
DA:1363,0
DA:1366,0
DA:1367,0
DA:1370,0
DA:1371,0
DA:1376,0
DA:1377,0
DA:1380,0
DA:1381,0
DA:1384,0
DA:1385,0
DA:1388,0
DA:1389,0
DA:1392,0
DA:1393,0
DA:1394,0
DA:1396,0
DA:1400,0
DA:1401,0
DA:1405,0
DA:1406,0
DA:1407,0
DA:1409,0
DA:1410,0
DA:1411,0
DA:1414,0
DA:1415,0
DA:1417,0
DA:1419,0
DA:1423,0
DA:1428,0
DA:1429,0
DA:1430,0
DA:1432,0
DA:1434,0
DA:1439,0
DA:1445,0
DA:1446,0
DA:1448,0
DA:1449,0
DA:1451,0
DA:1452,0
DA:1455,0
DA:1456,0
DA:1457,0
DA:1459,0
DA:1463,0
DA:1474,0
DA:1475,0
DA:1477,0
DA:1478,0
DA:1480,0
DA:1481,0
DA:1482,0
DA:1483,0
DA:1484,0
DA:1485,0
DA:1486,0
DA:1487,0
DA:1488,0
DA:1489,0
DA:1495,0
DA:1500,0
DA:1501,0
DA:1503,0
DA:1504,0
DA:1505,0
DA:1506,0
LF:700
LH:0
end_of_record
TN:
SF:/Users/starq1/codingz/rustProjz/coincube/coincubed/src/bitcoin/d/mod.rs
FNF:0
DA:352,0
DA:353,0
DA:354,0
DA:355,0
DA:356,0
DA:357,0
DA:359,0
DA:360,0
DA:361,0
DA:365,0
DA:366,0
DA:367,0
DA:369,0
DA:370,0
DA:371,0
DA:372,0
DA:374,0
DA:376,0
DA:382,0
DA:1496,0
DA:1499,0
DA:1505,0
DA:1507,0
DA:1508,0
DA:1509,0
DA:1510,0
DA:1511,0
DA:1513,0
LF:28
LH:0
end_of_record
TN:
SF:/Users/starq1/codingz/rustProjz/coincube/coincubed/src/bitcoin/d/utils.rs
FNF:0
DA:33,0
DA:35,0
DA:36,0
DA:38,0
DA:39,0
DA:40,0
DA:41,0
DA:44,0
DA:45,0
DA:46,0
DA:47,0
DA:49,0
DA:50,0
DA:51,0
DA:53,0
DA:54,0
DA:56,0
DA:57,0
DA:64,0
DA:65,0
DA:66,0
DA:67,0
LF:22
LH:0
end_of_record
TN:
SF:/Users/starq1/codingz/rustProjz/coincube/coincubed/src/bitcoin/electrum/client.rs
FNF:0
DA:158,0
DA:159,0
DA:160,0
DA:161,0
DA:162,0
LF:5
LH:0
end_of_record
TN:
SF:/Users/starq1/codingz/rustProjz/coincube/coincubed/src/bitcoin/esplora/client.rs
FNF:0
DA:118,0
DA:119,0
DA:120,0
LF:3
LH:0
end_of_record
TN:
SF:/Users/starq1/codingz/rustProjz/coincube/coincubed/src/commands/mod.rs
FNF:0
DA:179,0
DA:182,0
DA:188,0
DA:189,0
DA:190,0
DA:191,0
DA:193,0
DA:195,0
DA:196,0
DA:198,0
LF:10
LH:0
end_of_record
TN:
SF:/Users/starq1/codingz/rustProjz/coincube/coincubed/src/commands/utils.rs
FN:12,deser_fromstr
FN:20,ser_to_string
FN:28,deser_addr_assume_checked
FN:35,ser_amount
FN:44,deser_amount_from_sats
FN:53,ser_hex
FN:61,deser_hex
FNF:7
FNDA:0,deser_fromstr
FNDA:0,ser_to_string
FNDA:0,deser_addr_assume_checked
FNDA:0,ser_amount
FNDA:0,deser_amount_from_sats
FNDA:0,ser_hex
FNDA:0,deser_hex
DA:12,0
DA:13,0
DA:20,0
DA:28,0
DA:29,0
DA:30,0
DA:31,0
DA:35,0
DA:36,0
DA:44,0
DA:45,0
DA:53,0
DA:61,0
DA:62,0
DA:63,0
LF:15
LH:0
end_of_record
TN:
SF:/Users/starq1/codingz/rustProjz/coincube/coincubed/src/config.rs
FN:16,deserialize_fromstr
FN:25,serialize_to_string
FN:32,deserialize_duration
FN:35,serialize_duration
FN:48,deserialize_rpc_auth
FN:73,serialize_userpass
FNF:6
FNDA:0,deserialize_fromstr
FNDA:0,serialize_to_string
FNDA:0,deserialize_duration
FNDA:0,serialize_duration
FNDA:0,deserialize_rpc_auth
FNDA:0,serialize_userpass
DA:16,0
DA:17,0
DA:18,0
DA:25,0
DA:32,0
DA:33,0
DA:35,0
DA:36,0
DA:48,0
DA:49,0
DA:50,0
DA:51,0
DA:52,0
DA:53,0
DA:56,0
DA:57,0
DA:59,0
DA:60,0
DA:61,0
DA:62,0
DA:65,0
DA:73,0
LF:22
LH:0
end_of_record
TN:
SF:/Users/starq1/codingz/rustProjz/coincube/coincubed/src/database/mod.rs
FNF:0
DA:297,0
DA:298,0
DA:305,0
DA:306,0
DA:309,0
DA:310,0
DA:317,0
DA:318,0
DA:395,0
DA:396,0
LF:10
LH:0
end_of_record
TN:
SF:/Users/starq1/codingz/rustProjz/coincube/coincubed/src/database/sqlite/mod.rs
FNF:0
DA:459,0
DA:460,0
DA:461,0
DA:462,0
DA:463,0
DA:464,0
DA:465,0
DA:466,0
DA:467,0
DA:468,0
DA:469,0
DA:470,0
DA:471,0
DA:472,0
DA:473,0
DA:477,0
DA:505,0
DA:506,0
DA:507,0
DA:508,0
DA:509,0
DA:513,0
DA:523,0
DA:524,0
DA:525,0
DA:526,0
DA:527,0
DA:528,0
DA:529,0
DA:530,0
DA:535,0
DA:545,0
DA:546,0
DA:547,0
DA:548,0
DA:549,0
DA:550,0
DA:551,0
DA:556,0
DA:567,0
DA:568,0
DA:569,0
DA:570,0
DA:571,0
DA:572,0
DA:573,0
DA:574,0
DA:575,0
DA:576,0
DA:581,0
LF:50
LH:0
end_of_record
TN:
SF:/Users/starq1/codingz/rustProjz/coincube/coincubed/src/database/sqlite/utils.rs
FN:14,db_exec
FN:31,db_tx_query
FN:48,db_query
FN:65,db_query_row
FNF:4
FNDA:0,db_exec
FNDA:0,db_tx_query
FNDA:0,db_query
FNDA:0,db_query_row
DA:14,0
DA:15,0
DA:16,0
DA:31,0
DA:32,0
DA:48,0
DA:49,0
DA:65,0
LF:8
LH:0
end_of_record
TN:
SF:/Users/starq1/codingz/rustProjz/coincube/coincubed/src/jsonrpc/api.rs
FNF:0
DA:181,0
DA:182,0
DA:183,0
DA:186,0
LF:4
LH:0
end_of_record
TN:
SF:/Users/starq1/codingz/rustProjz/coincube/coincubed/src/jsonrpc/rpc.rs
FN:22,Params::get
FNF:1
FNDA:0,Params::get
DA:22,0
DA:23,0
DA:24,0
DA:94,0
DA:95,0
DA:104,0
DA:119,0
DA:121,0
DA:131,0
DA:133,0
DA:134,0
LF:11
LH:0
end_of_record
TN:
SF:/Users/starq1/codingz/rustProjz/coincube/coincubed/src/testutils.rs
FNF:0
DA:306,0
DA:307,0
DA:308,0
DA:318,0
DA:319,0
DA:320,0
DA:321,0
DA:322,0
DA:323,0
DA:324,0
DA:325,0
DA:330,0
DA:331,0
DA:332,0
DA:333,0
DA:334,0
DA:335,0
DA:336,0
DA:340,0
DA:341,0
DA:342,0
DA:343,0
DA:344,0
DA:345,0
DA:346,0
DA:350,0
DA:351,0
DA:352,0
DA:353,0
DA:354,0
DA:355,0
DA:356,0
DA:357,0
DA:358,0
DA:359,0
DA:582,0
DA:583,0
DA:585,0
DA:586,0
DA:587,0
DA:588,0
DA:589,0
DA:591,0
DA:594,0
DA:624,0
DA:633,0
DA:642,0
LF:47
LH:0
end_of_record
TN:
SF:/Users/starq1/codingz/rustProjz/coincube/fuzz/fuzz_targets/descriptors.rs
FNF:0
DA:89,0
DA:90,0
DA:91,0
LF:3
LH:0
end_of_record
